---------------------------------------------------------------
[ 2018-10-03T01:23:35+08:00 ] 190.94.139.233 GET /
[ info ] 47.93.62.140/ [运行时间：0.027440s][吞吐率：36.44req/s] [内存消耗：2,478.32kb] [文件加载：63]
[ info ] [ BEHAVIOR ] Run Closure @app_init [ RunTime:0.000022s ]
[ info ] [ CACHE ] INIT File
[ info ] [ BEHAVIOR ] Run Closure @app_init [ RunTime:0.001145s ]
[ info ] [ LANG ] /var/www/html/fastadmin/thinkphp/lang/zh-cn.php
[ info ] [ ROUTE ] array (
  'type' => 'module',
  'module' => 
  array (
    0 => '',
    1 => NULL,
    2 => NULL,
  ),
)
[ info ] [ HEADER ] array (
  'host' => '47.93.62.140',
  'user-agent' => 'Mozilla/5.0 (Windows NT 10.0; WOW64) AppleWebKit/537.36 (KHTML, like Gecko) Chrome/51.0.2704.103 Safari/537.36',
  'content-type' => '',
  'content-length' => '',
)
[ info ] [ PARAM ] array (
)
[ info ] [ LANG ] /var/www/html/fastadmin/public/../application/index/lang/zh-cn.php
[ info ] [ BEHAVIOR ] Run app\common\behavior\Common @module_init [ RunTime:0.001404s ]
[ info ] [ LANG ] /var/www/html/fastadmin/public/../application/index/lang/zh-cn/index.php
[ info ] [ RUN ] app\index\controller\Index->index[ /var/www/html/fastadmin/application/index/controller/Index.php ]
[ info ] [ VIEW ] /var/www/html/fastadmin/public/../application/index/view/index/index.html [ array (
  0 => 'user',
  1 => 'site',
  2 => 'config',
) ]
[ info ] [ LOG ] INIT File
---------------------------------------------------------------
[ 2018-10-03T02:10:18+08:00 ] 193.239.36.202 GET /
[ info ] 47.93.62.140:80/ [运行时间：0.024884s][吞吐率：40.19req/s] [内存消耗：2,478.63kb] [文件加载：63]
[ info ] [ BEHAVIOR ] Run Closure @app_init [ RunTime:0.000020s ]
[ info ] [ CACHE ] INIT File
[ info ] [ BEHAVIOR ] Run Closure @app_init [ RunTime:0.001008s ]
[ info ] [ LANG ] /var/www/html/fastadmin/thinkphp/lang/zh-cn.php
[ info ] [ ROUTE ] array (
  'type' => 'module',
  'module' => 
  array (
    0 => '',
    1 => NULL,
    2 => NULL,
  ),
)
[ info ] [ HEADER ] array (
  'content-length' => '0',
  'user-agent' => 'Mozilla/5.0 (Windows NT 10.0; WOW64) AppleWebKit/537.36 (KHTML, like Gecko) Chrome/52.0.2743.116 Safari/537.36',
  'host' => '47.93.62.140:80',
  'content-type' => '',
)
[ info ] [ PARAM ] array (
)
[ info ] [ LANG ] /var/www/html/fastadmin/public/../application/index/lang/zh-cn.php
[ info ] [ BEHAVIOR ] Run app\common\behavior\Common @module_init [ RunTime:0.001252s ]
[ info ] [ LANG ] /var/www/html/fastadmin/public/../application/index/lang/zh-cn/index.php
[ info ] [ RUN ] app\index\controller\Index->index[ /var/www/html/fastadmin/application/index/controller/Index.php ]
[ info ] [ VIEW ] /var/www/html/fastadmin/public/../application/index/view/index/index.html [ array (
  0 => 'user',
  1 => 'site',
  2 => 'config',
) ]
[ info ] [ LOG ] INIT File
---------------------------------------------------------------
[ 2018-10-03T02:24:27+08:00 ] 64.154.88.236 GET /
[ info ] 47.93.62.140:80/ [运行时间：0.024660s][吞吐率：40.55req/s] [内存消耗：2,478.63kb] [文件加载：63]
[ info ] [ BEHAVIOR ] Run Closure @app_init [ RunTime:0.000021s ]
[ info ] [ CACHE ] INIT File
[ info ] [ BEHAVIOR ] Run Closure @app_init [ RunTime:0.000993s ]
[ info ] [ LANG ] /var/www/html/fastadmin/thinkphp/lang/zh-cn.php
[ info ] [ ROUTE ] array (
  'type' => 'module',
  'module' => 
  array (
    0 => '',
    1 => NULL,
    2 => NULL,
  ),
)
[ info ] [ HEADER ] array (
  'content-length' => '0',
  'user-agent' => 'Mozilla/5.0 (Windows NT 6.1; WOW64) AppleWebKit/537.36 (KHTML, like Gecko) Chrome/51.0.2704.103 Safari/537.36',
  'host' => '47.93.62.140:80',
  'content-type' => '',
)
[ info ] [ PARAM ] array (
)
[ info ] [ LANG ] /var/www/html/fastadmin/public/../application/index/lang/zh-cn.php
[ info ] [ BEHAVIOR ] Run app\common\behavior\Common @module_init [ RunTime:0.001206s ]
[ info ] [ LANG ] /var/www/html/fastadmin/public/../application/index/lang/zh-cn/index.php
[ info ] [ RUN ] app\index\controller\Index->index[ /var/www/html/fastadmin/application/index/controller/Index.php ]
[ info ] [ VIEW ] /var/www/html/fastadmin/public/../application/index/view/index/index.html [ array (
  0 => 'user',
  1 => 'site',
  2 => 'config',
) ]
[ info ] [ LOG ] INIT File
---------------------------------------------------------------
[ 2018-10-03T02:24:30+08:00 ] 117.50.7.159 GET /
[ info ] 47.93.62.140:80/ [运行时间：0.024046s][吞吐率：41.59req/s] [内存消耗：2,477.98kb] [文件加载：63]
[ info ] [ BEHAVIOR ] Run Closure @app_init [ RunTime:0.000021s ]
[ info ] [ CACHE ] INIT File
[ info ] [ BEHAVIOR ] Run Closure @app_init [ RunTime:0.000959s ]
[ info ] [ LANG ] /var/www/html/fastadmin/thinkphp/lang/zh-cn.php
[ info ] [ ROUTE ] array (
  'type' => 'module',
  'module' => 
  array (
    0 => '',
    1 => NULL,
    2 => NULL,
  ),
)
[ info ] [ HEADER ] array (
  'accept' => '*/*',
  'host' => '47.93.62.140:80',
  'content-type' => '',
  'content-length' => '',
)
[ info ] [ PARAM ] array (
)
[ info ] [ LANG ] /var/www/html/fastadmin/public/../application/index/lang/zh-cn.php
[ info ] [ BEHAVIOR ] Run app\common\behavior\Common @module_init [ RunTime:0.001171s ]
[ info ] [ LANG ] /var/www/html/fastadmin/public/../application/index/lang/zh-cn/index.php
[ info ] [ RUN ] app\index\controller\Index->index[ /var/www/html/fastadmin/application/index/controller/Index.php ]
[ info ] [ VIEW ] /var/www/html/fastadmin/public/../application/index/view/index/index.html [ array (
  0 => 'user',
  1 => 'site',
  2 => 'config',
) ]
[ info ] [ LOG ] INIT File
---------------------------------------------------------------
[ 2018-10-03T03:32:31+08:00 ] 186.243.124.101 GET /
[ info ] 47.93.62.140:80/ [运行时间：0.024169s][吞吐率：41.38req/s] [内存消耗：2,478.63kb] [文件加载：63]
[ info ] [ BEHAVIOR ] Run Closure @app_init [ RunTime:0.000020s ]
[ info ] [ CACHE ] INIT File
[ info ] [ BEHAVIOR ] Run Closure @app_init [ RunTime:0.000954s ]
[ info ] [ LANG ] /var/www/html/fastadmin/thinkphp/lang/zh-cn.php
[ info ] [ ROUTE ] array (
  'type' => 'module',
  'module' => 
  array (
    0 => '',
    1 => NULL,
    2 => NULL,
  ),
)
[ info ] [ HEADER ] array (
  'content-length' => '0',
  'user-agent' => 'Mozilla/5.0 (Windows NT 6.1; WOW64) AppleWebKit/537.36 (KHTML, like Gecko) Chrome/51.0.2704.103 Safari/537.36',
  'host' => '47.93.62.140:80',
  'content-type' => '',
)
[ info ] [ PARAM ] array (
)
[ info ] [ LANG ] /var/www/html/fastadmin/public/../application/index/lang/zh-cn.php
[ info ] [ BEHAVIOR ] Run app\common\behavior\Common @module_init [ RunTime:0.001166s ]
[ info ] [ LANG ] /var/www/html/fastadmin/public/../application/index/lang/zh-cn/index.php
[ info ] [ RUN ] app\index\controller\Index->index[ /var/www/html/fastadmin/application/index/controller/Index.php ]
[ info ] [ VIEW ] /var/www/html/fastadmin/public/../application/index/view/index/index.html [ array (
  0 => 'user',
  1 => 'site',
  2 => 'config',
) ]
[ info ] [ LOG ] INIT File
---------------------------------------------------------------
[ 2018-10-03T07:07:51+08:00 ] 60.191.38.77 GET /
[ info ] 47.93.62.140:80/ [运行时间：0.025049s][吞吐率：39.92req/s] [内存消耗：2,478.67kb] [文件加载：63]
[ info ] [ BEHAVIOR ] Run Closure @app_init [ RunTime:0.000021s ]
[ info ] [ CACHE ] INIT File
[ info ] [ BEHAVIOR ] Run Closure @app_init [ RunTime:0.001035s ]
[ info ] [ LANG ] /var/www/html/fastadmin/thinkphp/lang/zh-cn.php
[ info ] [ ROUTE ] array (
  'type' => 'module',
  'module' => 
  array (
    0 => '',
    1 => NULL,
    2 => NULL,
  ),
)
[ info ] [ HEADER ] array (
  'connection' => 'keep-alive',
  'accept' => '*/*',
  'user-agent' => 'Mozilla/5.0 (Macintosh; Intel Mac OS X 10.11; rv:47.0) Gecko/20100101 Firefox/47.0',
  'host' => '47.93.62.140:80',
  'content-type' => '',
  'content-length' => '',
)
[ info ] [ PARAM ] array (
)
[ info ] [ LANG ] /var/www/html/fastadmin/public/../application/index/lang/zh-cn.php
[ info ] [ BEHAVIOR ] Run app\common\behavior\Common @module_init [ RunTime:0.001298s ]
[ info ] [ LANG ] /var/www/html/fastadmin/public/../application/index/lang/zh-cn/index.php
[ info ] [ RUN ] app\index\controller\Index->index[ /var/www/html/fastadmin/application/index/controller/Index.php ]
[ info ] [ VIEW ] /var/www/html/fastadmin/public/../application/index/view/index/index.html [ array (
  0 => 'user',
  1 => 'site',
  2 => 'config',
) ]
[ info ] [ LOG ] INIT File
---------------------------------------------------------------
[ 2018-10-03T07:37:43+08:00 ] 80.82.70.187 GET /cache/global/img/gs.gif
[ info ] www.baidu.com/cache/global/img/gs.gif [运行时间：0.016038s][吞吐率：62.35req/s] [内存消耗：1,626.62kb] [文件加载：48]
[ info ] [ BEHAVIOR ] Run Closure @app_init [ RunTime:0.000021s ]
[ info ] [ CACHE ] INIT File
[ info ] [ BEHAVIOR ] Run Closure @app_init [ RunTime:0.001028s ]
[ info ] [ LANG ] /var/www/html/fastadmin/thinkphp/lang/zh-cn.php
[ info ] [ ROUTE ] array (
  'type' => 'module',
  'module' => 
  array (
    0 => '404',
    1 => NULL,
    2 => NULL,
  ),
)
[ info ] [ HEADER ] array (
  'if-modified-since' => 'Thu, 19 Apr 2012 09:51:20 GMT',
  'user-agent' => 'Mozilla',
  'host' => 'www.baidu.com',
  'content-type' => '',
  'content-length' => '',
)
[ info ] [ PARAM ] array (
)
[ info ] [ LOG ] INIT File
---------------------------------------------------------------
[ 2018-10-03T10:31:13+08:00 ] 52.151.83.47 GET /
[ info ] 47.93.62.140/ [运行时间：0.025146s][吞吐率：39.77req/s] [内存消耗：2,478.45kb] [文件加载：63]
[ info ] [ BEHAVIOR ] Run Closure @app_init [ RunTime:0.000022s ]
[ info ] [ CACHE ] INIT File
[ info ] [ BEHAVIOR ] Run Closure @app_init [ RunTime:0.001019s ]
[ info ] [ LANG ] /var/www/html/fastadmin/thinkphp/lang/zh-cn.php
[ info ] [ ROUTE ] array (
  'type' => 'module',
  'module' => 
  array (
    0 => '',
    1 => NULL,
    2 => NULL,
  ),
)
[ info ] [ HEADER ] array (
  'accept-encoding' => 'gzip',
  'accept' => '*/*',
  'user-agent' => 'Mozilla/5.0 zgrab/0.x',
  'host' => '47.93.62.140',
  'content-type' => '',
  'content-length' => '',
)
[ info ] [ PARAM ] array (
)
[ info ] [ LANG ] /var/www/html/fastadmin/public/../application/index/lang/zh-cn.php
[ info ] [ BEHAVIOR ] Run app\common\behavior\Common @module_init [ RunTime:0.001350s ]
[ info ] [ LANG ] /var/www/html/fastadmin/public/../application/index/lang/zh-cn/index.php
[ info ] [ RUN ] app\index\controller\Index->index[ /var/www/html/fastadmin/application/index/controller/Index.php ]
[ info ] [ VIEW ] /var/www/html/fastadmin/public/../application/index/view/index/index.html [ array (
  0 => 'user',
  1 => 'site',
  2 => 'config',
) ]
[ info ] [ LOG ] INIT File
---------------------------------------------------------------
[ 2018-10-03T11:42:32+08:00 ] 62.24.109.95 GET /
[ info ] 47.93.62.140:80/ [运行时间：0.024929s][吞吐率：40.11req/s] [内存消耗：2,478.63kb] [文件加载：63]
[ info ] [ BEHAVIOR ] Run Closure @app_init [ RunTime:0.000021s ]
[ info ] [ CACHE ] INIT File
[ info ] [ BEHAVIOR ] Run Closure @app_init [ RunTime:0.001022s ]
[ info ] [ LANG ] /var/www/html/fastadmin/thinkphp/lang/zh-cn.php
[ info ] [ ROUTE ] array (
  'type' => 'module',
  'module' => 
  array (
    0 => '',
    1 => NULL,
    2 => NULL,
  ),
)
[ info ] [ HEADER ] array (
  'content-length' => '0',
  'user-agent' => 'Mozilla/5.0 (Windows NT 6.1; WOW64) AppleWebKit/537.36 (KHTML, like Gecko) Chrome/51.0.2704.103 Safari/537.36',
  'host' => '47.93.62.140:80',
  'content-type' => '',
)
[ info ] [ PARAM ] array (
)
[ info ] [ LANG ] /var/www/html/fastadmin/public/../application/index/lang/zh-cn.php
[ info ] [ BEHAVIOR ] Run app\common\behavior\Common @module_init [ RunTime:0.001276s ]
[ info ] [ LANG ] /var/www/html/fastadmin/public/../application/index/lang/zh-cn/index.php
[ info ] [ RUN ] app\index\controller\Index->index[ /var/www/html/fastadmin/application/index/controller/Index.php ]
[ info ] [ VIEW ] /var/www/html/fastadmin/public/../application/index/view/index/index.html [ array (
  0 => 'user',
  1 => 'site',
  2 => 'config',
) ]
[ info ] [ LOG ] INIT File
---------------------------------------------------------------
[ 2018-10-03T11:52:50+08:00 ] 89.163.253.137 GET /
[ info ] 47.93.62.140/ [运行时间：0.023635s][吞吐率：42.31req/s] [内存消耗：2,478.00kb] [文件加载：63]
[ info ] [ BEHAVIOR ] Run Closure @app_init [ RunTime:0.000021s ]
[ info ] [ CACHE ] INIT File
[ info ] [ BEHAVIOR ] Run Closure @app_init [ RunTime:0.000975s ]
[ info ] [ LANG ] /var/www/html/fastadmin/thinkphp/lang/zh-cn.php
[ info ] [ ROUTE ] array (
  'type' => 'module',
  'module' => 
  array (
    0 => '',
    1 => NULL,
    2 => NULL,
  ),
)
[ info ] [ HEADER ] array (
  'connection' => 'Keep-Alive',
  'host' => '47.93.62.140',
  'content-type' => '',
  'content-length' => '',
)
[ info ] [ PARAM ] array (
)
[ info ] [ LANG ] /var/www/html/fastadmin/public/../application/index/lang/zh-cn.php
[ info ] [ BEHAVIOR ] Run app\common\behavior\Common @module_init [ RunTime:0.001272s ]
[ info ] [ LANG ] /var/www/html/fastadmin/public/../application/index/lang/zh-cn/index.php
[ info ] [ RUN ] app\index\controller\Index->index[ /var/www/html/fastadmin/application/index/controller/Index.php ]
[ info ] [ VIEW ] /var/www/html/fastadmin/public/../application/index/view/index/index.html [ array (
  0 => 'user',
  1 => 'site',
  2 => 'config',
) ]
[ info ] [ LOG ] INIT File
---------------------------------------------------------------
[ 2018-10-03T12:26:01+08:00 ] 139.162.119.197 GET /
[ info ] 47.93.62.140/ [运行时间：0.026239s][吞吐率：38.11req/s] [内存消耗：2,478.23kb] [文件加载：63]
[ info ] [ BEHAVIOR ] Run Closure @app_init [ RunTime:0.000022s ]
[ info ] [ CACHE ] INIT File
[ info ] [ BEHAVIOR ] Run Closure @app_init [ RunTime:0.000999s ]
[ info ] [ LANG ] /var/www/html/fastadmin/thinkphp/lang/zh-cn.php
[ info ] [ ROUTE ] array (
  'type' => 'module',
  'module' => 
  array (
    0 => '',
    1 => NULL,
    2 => NULL,
  ),
)
[ info ] [ HEADER ] array (
  'connection' => 'close',
  'user-agent' => 'Go-http-client/1.1',
  'host' => '47.93.62.140',
  'content-type' => '',
  'content-length' => '',
)
[ info ] [ PARAM ] array (
)
[ info ] [ LANG ] /var/www/html/fastadmin/public/../application/index/lang/zh-cn.php
[ info ] [ BEHAVIOR ] Run app\common\behavior\Common @module_init [ RunTime:0.001419s ]
[ info ] [ LANG ] /var/www/html/fastadmin/public/../application/index/lang/zh-cn/index.php
[ info ] [ RUN ] app\index\controller\Index->index[ /var/www/html/fastadmin/application/index/controller/Index.php ]
[ info ] [ VIEW ] /var/www/html/fastadmin/public/../application/index/view/index/index.html [ array (
  0 => 'user',
  1 => 'site',
  2 => 'config',
) ]
[ info ] [ LOG ] INIT File
---------------------------------------------------------------
[ 2018-10-03T14:27:00+08:00 ] 125.162.23.222 GET /
[ info ] 47.93.62.140:80/ [运行时间：0.025271s][吞吐率：39.57req/s] [内存消耗：2,479.80kb] [文件加载：63]
[ info ] [ BEHAVIOR ] Run Closure @app_init [ RunTime:0.000019s ]
[ info ] [ CACHE ] INIT File
[ info ] [ BEHAVIOR ] Run Closure @app_init [ RunTime:0.001018s ]
[ info ] [ LANG ] /var/www/html/fastadmin/thinkphp/lang/zh-cn.php
[ info ] [ ROUTE ] array (
  'type' => 'module',
  'module' => 
  array (
    0 => '',
    1 => NULL,
    2 => NULL,
  ),
)
[ info ] [ HEADER ] array (
  'connection' => 'Keep-Alive',
  'cache-control' => 'max-stale=0',
  'x-forwarded-for' => '125.162.23.222',
  'content-length' => '0',
  'user-agent' => 'Mozilla/5.0 (Windows NT 10.0; WOW64) AppleWebKit/537.36 (KHTML, like Gecko) Chrome/52.0.2743.116 Safari/537.36',
  'host' => '47.93.62.140:80',
  'content-type' => '',
)
[ info ] [ PARAM ] array (
)
[ info ] [ LANG ] /var/www/html/fastadmin/public/../application/index/lang/zh-cn.php
[ info ] [ BEHAVIOR ] Run app\common\behavior\Common @module_init [ RunTime:0.001408s ]
[ info ] [ LANG ] /var/www/html/fastadmin/public/../application/index/lang/zh-cn/index.php
[ info ] [ RUN ] app\index\controller\Index->index[ /var/www/html/fastadmin/application/index/controller/Index.php ]
[ info ] [ VIEW ] /var/www/html/fastadmin/public/../application/index/view/index/index.html [ array (
  0 => 'user',
  1 => 'site',
  2 => 'config',
) ]
[ info ] [ LOG ] INIT File
---------------------------------------------------------------
[ 2018-10-03T15:07:55+08:00 ] 80.82.78.50 GET /cache/global/img/gs.gif
[ info ] www.baidu.com/cache/global/img/gs.gif [运行时间：0.017583s][吞吐率：56.87req/s] [内存消耗：1,626.62kb] [文件加载：48]
[ info ] [ BEHAVIOR ] Run Closure @app_init [ RunTime:0.000021s ]
[ info ] [ CACHE ] INIT File
[ info ] [ BEHAVIOR ] Run Closure @app_init [ RunTime:0.001012s ]
[ info ] [ LANG ] /var/www/html/fastadmin/thinkphp/lang/zh-cn.php
[ info ] [ ROUTE ] array (
  'type' => 'module',
  'module' => 
  array (
    0 => '404',
    1 => NULL,
    2 => NULL,
  ),
)
[ info ] [ HEADER ] array (
  'if-modified-since' => 'Thu, 19 Apr 2012 09:51:20 GMT',
  'user-agent' => 'Mozilla',
  'host' => 'www.baidu.com',
  'content-type' => '',
  'content-length' => '',
)
[ info ] [ PARAM ] array (
)
[ info ] [ LOG ] INIT File
---------------------------------------------------------------
[ 2018-10-03T15:56:52+08:00 ] 37.70.132.211 GET /
[ info ] 47.93.62.140:80/ [运行时间：0.025576s][吞吐率：39.10req/s] [内存消耗：2,478.63kb] [文件加载：63]
[ info ] [ BEHAVIOR ] Run Closure @app_init [ RunTime:0.000022s ]
[ info ] [ CACHE ] INIT File
[ info ] [ BEHAVIOR ] Run Closure @app_init [ RunTime:0.001038s ]
[ info ] [ LANG ] /var/www/html/fastadmin/thinkphp/lang/zh-cn.php
[ info ] [ ROUTE ] array (
  'type' => 'module',
  'module' => 
  array (
    0 => '',
    1 => NULL,
    2 => NULL,
  ),
)
[ info ] [ HEADER ] array (
  'content-length' => '0',
  'user-agent' => 'Mozilla/5.0 (Windows NT 10.0; WOW64) AppleWebKit/537.36 (KHTML, like Gecko) Chrome/52.0.2743.116 Safari/537.36',
  'host' => '47.93.62.140:80',
  'content-type' => '',
)
[ info ] [ PARAM ] array (
)
[ info ] [ LANG ] /var/www/html/fastadmin/public/../application/index/lang/zh-cn.php
[ info ] [ BEHAVIOR ] Run app\common\behavior\Common @module_init [ RunTime:0.001315s ]
[ info ] [ LANG ] /var/www/html/fastadmin/public/../application/index/lang/zh-cn/index.php
[ info ] [ RUN ] app\index\controller\Index->index[ /var/www/html/fastadmin/application/index/controller/Index.php ]
[ info ] [ VIEW ] /var/www/html/fastadmin/public/../application/index/view/index/index.html [ array (
  0 => 'user',
  1 => 'site',
  2 => 'config',
) ]
[ info ] [ LOG ] INIT File
---------------------------------------------------------------
[ 2018-10-03T16:02:14+08:00 ] 125.137.88.232 GET /
[ info ] 47.93.62.140/ [运行时间：0.025379s][吞吐率：39.40req/s] [内存消耗：2,478.33kb] [文件加载：63]
[ info ] [ BEHAVIOR ] Run Closure @app_init [ RunTime:0.000020s ]
[ info ] [ CACHE ] INIT File
[ info ] [ BEHAVIOR ] Run Closure @app_init [ RunTime:0.001081s ]
[ info ] [ LANG ] /var/www/html/fastadmin/thinkphp/lang/zh-cn.php
[ info ] [ ROUTE ] array (
  'type' => 'module',
  'module' => 
  array (
    0 => '',
    1 => NULL,
    2 => NULL,
  ),
)
[ info ] [ HEADER ] array (
  'host' => '47.93.62.140',
  'user-agent' => 'Mozilla/5.0 (Windows NT 10.0; WOW64) AppleWebKit/537.36 (KHTML, like Gecko) Chrome/51.0.2704.103 Safari/537.36',
  'content-type' => '',
  'content-length' => '',
)
[ info ] [ PARAM ] array (
)
[ info ] [ LANG ] /var/www/html/fastadmin/public/../application/index/lang/zh-cn.php
[ info ] [ BEHAVIOR ] Run app\common\behavior\Common @module_init [ RunTime:0.001363s ]
[ info ] [ LANG ] /var/www/html/fastadmin/public/../application/index/lang/zh-cn/index.php
[ info ] [ RUN ] app\index\controller\Index->index[ /var/www/html/fastadmin/application/index/controller/Index.php ]
[ info ] [ VIEW ] /var/www/html/fastadmin/public/../application/index/view/index/index.html [ array (
  0 => 'user',
  1 => 'site',
  2 => 'config',
) ]
[ info ] [ LOG ] INIT File
---------------------------------------------------------------
[ 2018-10-03T16:10:37+08:00 ] 64.126.165.204 GET /
[ info ] 47.93.62.140:80/ [运行时间：0.023845s][吞吐率：41.94req/s] [内存消耗：2,478.63kb] [文件加载：63]
[ info ] [ BEHAVIOR ] Run Closure @app_init [ RunTime:0.000023s ]
[ info ] [ CACHE ] INIT File
[ info ] [ BEHAVIOR ] Run Closure @app_init [ RunTime:0.000971s ]
[ info ] [ LANG ] /var/www/html/fastadmin/thinkphp/lang/zh-cn.php
[ info ] [ ROUTE ] array (
  'type' => 'module',
  'module' => 
  array (
    0 => '',
    1 => NULL,
    2 => NULL,
  ),
)
[ info ] [ HEADER ] array (
  'content-length' => '0',
  'user-agent' => 'Mozilla/5.0 (Windows NT 10.0; WOW64) AppleWebKit/537.36 (KHTML, like Gecko) Chrome/52.0.2743.116 Safari/537.36',
  'host' => '47.93.62.140:80',
  'content-type' => '',
)
[ info ] [ PARAM ] array (
)
[ info ] [ LANG ] /var/www/html/fastadmin/public/../application/index/lang/zh-cn.php
[ info ] [ BEHAVIOR ] Run app\common\behavior\Common @module_init [ RunTime:0.001208s ]
[ info ] [ LANG ] /var/www/html/fastadmin/public/../application/index/lang/zh-cn/index.php
[ info ] [ RUN ] app\index\controller\Index->index[ /var/www/html/fastadmin/application/index/controller/Index.php ]
[ info ] [ VIEW ] /var/www/html/fastadmin/public/../application/index/view/index/index.html [ array (
  0 => 'user',
  1 => 'site',
  2 => 'config',
) ]
[ info ] [ LOG ] INIT File
---------------------------------------------------------------
[ 2018-10-03T17:02:18+08:00 ] 5.157.113.91 GET /
[ info ] 47.93.62.140:80/ [运行时间：0.024470s][吞吐率：40.87req/s] [内存消耗：2,478.63kb] [文件加载：63]
[ info ] [ BEHAVIOR ] Run Closure @app_init [ RunTime:0.000022s ]
[ info ] [ CACHE ] INIT File
[ info ] [ BEHAVIOR ] Run Closure @app_init [ RunTime:0.000999s ]
[ info ] [ LANG ] /var/www/html/fastadmin/thinkphp/lang/zh-cn.php
[ info ] [ ROUTE ] array (
  'type' => 'module',
  'module' => 
  array (
    0 => '',
    1 => NULL,
    2 => NULL,
  ),
)
[ info ] [ HEADER ] array (
  'content-length' => '0',
  'user-agent' => 'Mozilla/5.0 (Windows NT 10.0; WOW64) AppleWebKit/537.36 (KHTML, like Gecko) Chrome/52.0.2743.116 Safari/537.36',
  'host' => '47.93.62.140:80',
  'content-type' => '',
)
[ info ] [ PARAM ] array (
)
[ info ] [ LANG ] /var/www/html/fastadmin/public/../application/index/lang/zh-cn.php
[ info ] [ BEHAVIOR ] Run app\common\behavior\Common @module_init [ RunTime:0.001290s ]
[ info ] [ LANG ] /var/www/html/fastadmin/public/../application/index/lang/zh-cn/index.php
[ info ] [ RUN ] app\index\controller\Index->index[ /var/www/html/fastadmin/application/index/controller/Index.php ]
[ info ] [ VIEW ] /var/www/html/fastadmin/public/../application/index/view/index/index.html [ array (
  0 => 'user',
  1 => 'site',
  2 => 'config',
) ]
[ info ] [ LOG ] INIT File
---------------------------------------------------------------
[ 2018-10-03T17:05:53+08:00 ] 71.6.232.4 GET /
[ info ] 47.93.62.140/ [运行时间：0.024721s][吞吐率：40.45req/s] [内存消耗：2,478.76kb] [文件加载：63]
[ info ] [ BEHAVIOR ] Run Closure @app_init [ RunTime:0.000020s ]
[ info ] [ CACHE ] INIT File
[ info ] [ BEHAVIOR ] Run Closure @app_init [ RunTime:0.001072s ]
[ info ] [ LANG ] /var/www/html/fastadmin/thinkphp/lang/zh-cn.php
[ info ] [ ROUTE ] array (
  'type' => 'module',
  'module' => 
  array (
    0 => '',
    1 => NULL,
    2 => NULL,
  ),
)
[ info ] [ HEADER ] array (
  'accept-encoding' => 'gzip',
  'accept' => '*/*',
  'user-agent' => 'Mozilla/5.0 (Windows NT 10.0; Win64; x64) AppleWebKit/537.36 (KHTML, like Gecko) Chrome/57.0.2987.133 Safari/537.36',
  'host' => '47.93.62.140',
  'content-type' => '',
  'content-length' => '',
)
[ info ] [ PARAM ] array (
)
[ info ] [ LANG ] /var/www/html/fastadmin/public/../application/index/lang/zh-cn.php
[ info ] [ BEHAVIOR ] Run app\common\behavior\Common @module_init [ RunTime:0.001393s ]
[ info ] [ LANG ] /var/www/html/fastadmin/public/../application/index/lang/zh-cn/index.php
[ info ] [ RUN ] app\index\controller\Index->index[ /var/www/html/fastadmin/application/index/controller/Index.php ]
[ info ] [ VIEW ] /var/www/html/fastadmin/public/../application/index/view/index/index.html [ array (
  0 => 'user',
  1 => 'site',
  2 => 'config',
) ]
[ info ] [ LOG ] INIT File
---------------------------------------------------------------
[ 2018-10-03T17:50:27+08:00 ] 80.82.70.187 GET /cache/global/img/gs.gif
[ info ] www.baidu.com/cache/global/img/gs.gif [运行时间：0.016479s][吞吐率：60.68req/s] [内存消耗：1,626.62kb] [文件加载：48]
[ info ] [ BEHAVIOR ] Run Closure @app_init [ RunTime:0.000022s ]
[ info ] [ CACHE ] INIT File
[ info ] [ BEHAVIOR ] Run Closure @app_init [ RunTime:0.001005s ]
[ info ] [ LANG ] /var/www/html/fastadmin/thinkphp/lang/zh-cn.php
[ info ] [ ROUTE ] array (
  'type' => 'module',
  'module' => 
  array (
    0 => '404',
    1 => NULL,
    2 => NULL,
  ),
)
[ info ] [ HEADER ] array (
  'if-modified-since' => 'Thu, 19 Apr 2012 09:51:20 GMT',
  'user-agent' => 'Mozilla',
  'host' => 'www.baidu.com',
  'content-type' => '',
  'content-length' => '',
)
[ info ] [ PARAM ] array (
)
[ info ] [ LOG ] INIT File
---------------------------------------------------------------
[ 2018-10-03T18:29:06+08:00 ] 191.252.96.215 GET /
[ info ] 47.93.62.140/ [运行时间：0.024551s][吞吐率：40.73req/s] [内存消耗：2,478.33kb] [文件加载：63]
[ info ] [ BEHAVIOR ] Run Closure @app_init [ RunTime:0.000021s ]
[ info ] [ CACHE ] INIT File
[ info ] [ BEHAVIOR ] Run Closure @app_init [ RunTime:0.000996s ]
[ info ] [ LANG ] /var/www/html/fastadmin/thinkphp/lang/zh-cn.php
[ info ] [ ROUTE ] array (
  'type' => 'module',
  'module' => 
  array (
    0 => '',
    1 => NULL,
    2 => NULL,
  ),
)
[ info ] [ HEADER ] array (
  'host' => '47.93.62.140',
  'user-agent' => 'Mozilla/5.0 (Windows NT 10.0; WOW64) AppleWebKit/537.36 (KHTML, like Gecko) Chrome/51.0.2704.103 Safari/537.36',
  'content-type' => '',
  'content-length' => '',
)
[ info ] [ PARAM ] array (
)
[ info ] [ LANG ] /var/www/html/fastadmin/public/../application/index/lang/zh-cn.php
[ info ] [ BEHAVIOR ] Run app\common\behavior\Common @module_init [ RunTime:0.001361s ]
[ info ] [ LANG ] /var/www/html/fastadmin/public/../application/index/lang/zh-cn/index.php
[ info ] [ RUN ] app\index\controller\Index->index[ /var/www/html/fastadmin/application/index/controller/Index.php ]
[ info ] [ VIEW ] /var/www/html/fastadmin/public/../application/index/view/index/index.html [ array (
  0 => 'user',
  1 => 'site',
  2 => 'config',
) ]
[ info ] [ LOG ] INIT File
---------------------------------------------------------------
[ 2018-10-03T21:15:58+08:00 ] 201.131.186.16 GET /
[ info ] 47.93.62.140:80/ [运行时间：0.025681s][吞吐率：38.94req/s] [内存消耗：2,478.63kb] [文件加载：63]
[ info ] [ BEHAVIOR ] Run Closure @app_init [ RunTime:0.000035s ]
[ info ] [ CACHE ] INIT File
[ info ] [ BEHAVIOR ] Run Closure @app_init [ RunTime:0.001048s ]
[ info ] [ LANG ] /var/www/html/fastadmin/thinkphp/lang/zh-cn.php
[ info ] [ ROUTE ] array (
  'type' => 'module',
  'module' => 
  array (
    0 => '',
    1 => NULL,
    2 => NULL,
  ),
)
[ info ] [ HEADER ] array (
  'content-length' => '0',
  'user-agent' => 'Mozilla/5.0 (Macintosh; Intel Mac OS X 10_11_6) AppleWebKit/601.7.7 (KHTML, like Gecko) Version/9.1.2 Safari/601.7.7',
  'host' => '47.93.62.140:80',
  'content-type' => '',
)
[ info ] [ PARAM ] array (
)
[ info ] [ LANG ] /var/www/html/fastadmin/public/../application/index/lang/zh-cn.php
[ info ] [ BEHAVIOR ] Run app\common\behavior\Common @module_init [ RunTime:0.001343s ]
[ info ] [ LANG ] /var/www/html/fastadmin/public/../application/index/lang/zh-cn/index.php
[ info ] [ RUN ] app\index\controller\Index->index[ /var/www/html/fastadmin/application/index/controller/Index.php ]
[ info ] [ VIEW ] /var/www/html/fastadmin/public/../application/index/view/index/index.html [ array (
  0 => 'user',
  1 => 'site',
  2 => 'config',
) ]
[ info ] [ LOG ] INIT File
---------------------------------------------------------------
[ 2018-10-03T21:57:58+08:00 ] 185.189.103.15 GET /
[ info ] 47.93.62.140:80/ [运行时间：0.025517s][吞吐率：39.19req/s] [内存消耗：2,478.63kb] [文件加载：63]
[ info ] [ BEHAVIOR ] Run Closure @app_init [ RunTime:0.000021s ]
[ info ] [ CACHE ] INIT File
[ info ] [ BEHAVIOR ] Run Closure @app_init [ RunTime:0.001038s ]
[ info ] [ LANG ] /var/www/html/fastadmin/thinkphp/lang/zh-cn.php
[ info ] [ ROUTE ] array (
  'type' => 'module',
  'module' => 
  array (
    0 => '',
    1 => NULL,
    2 => NULL,
  ),
)
[ info ] [ HEADER ] array (
  'content-length' => '0',
  'user-agent' => 'Mozilla/5.0 (Windows NT 6.1; WOW64) AppleWebKit/537.36 (KHTML, like Gecko) Chrome/52.0.2743.116 Safari/537.36',
  'host' => '47.93.62.140:80',
  'content-type' => '',
)
[ info ] [ PARAM ] array (
)
[ info ] [ LANG ] /var/www/html/fastadmin/public/../application/index/lang/zh-cn.php
[ info ] [ BEHAVIOR ] Run app\common\behavior\Common @module_init [ RunTime:0.001397s ]
[ info ] [ LANG ] /var/www/html/fastadmin/public/../application/index/lang/zh-cn/index.php
[ info ] [ RUN ] app\index\controller\Index->index[ /var/www/html/fastadmin/application/index/controller/Index.php ]
[ info ] [ VIEW ] /var/www/html/fastadmin/public/../application/index/view/index/index.html [ array (
  0 => 'user',
  1 => 'site',
  2 => 'config',
) ]
[ info ] [ LOG ] INIT File
---------------------------------------------------------------
[ 2018-10-03T23:12:37+08:00 ] 14.55.201.3 GET /
[ info ] 47.93.62.140/ [运行时间：0.024285s][吞吐率：41.18req/s] [内存消耗：2,477.77kb] [文件加载：63]
[ info ] [ BEHAVIOR ] Run Closure @app_init [ RunTime:0.000020s ]
[ info ] [ CACHE ] INIT File
[ info ] [ BEHAVIOR ] Run Closure @app_init [ RunTime:0.000990s ]
[ info ] [ LANG ] /var/www/html/fastadmin/thinkphp/lang/zh-cn.php
[ info ] [ ROUTE ] array (
  'type' => 'module',
  'module' => 
  array (
    0 => '',
    1 => NULL,
    2 => NULL,
  ),
)
[ info ] [ HEADER ] array (
  'host' => '47.93.62.140',
  'content-type' => '',
  'content-length' => '',
)
[ info ] [ PARAM ] array (
)
[ info ] [ LANG ] /var/www/html/fastadmin/public/../application/index/lang/zh-cn.php
[ info ] [ BEHAVIOR ] Run app\common\behavior\Common @module_init [ RunTime:0.001352s ]
[ info ] [ LANG ] /var/www/html/fastadmin/public/../application/index/lang/zh-cn/index.php
[ info ] [ RUN ] app\index\controller\Index->index[ /var/www/html/fastadmin/application/index/controller/Index.php ]
[ info ] [ VIEW ] /var/www/html/fastadmin/public/../application/index/view/index/index.html [ array (
  0 => 'user',
  1 => 'site',
  2 => 'config',
) ]
[ info ] [ LOG ] INIT File
