---------------------------------------------------------------
[ 2018-09-24T00:57:08+08:00 ] 180.175.147.122 GET /
[ info ] www.bmwche.cn/ [运行时间：0.023954s][吞吐率：41.75req/s] [内存消耗：2,478.22kb] [文件加载：63]
[ info ] [ BEHAVIOR ] Run Closure @app_init [ RunTime:0.000020s ]
[ info ] [ CACHE ] INIT File
[ info ] [ BEHAVIOR ] Run Closure @app_init [ RunTime:0.000980s ]
[ info ] [ LANG ] /var/www/html/fastadmin/thinkphp/lang/zh-cn.php
[ info ] [ ROUTE ] array (
  'type' => 'module',
  'module' => 
  array (
    0 => '',
    1 => NULL,
    2 => NULL,
  ),
)
[ info ] [ HEADER ] array (
  'connection' => 'close',
  'accept-encoding' => 'gzip, deflate',
  'host' => 'www.bmwche.cn',
  'content-type' => '',
  'content-length' => '',
)
[ info ] [ PARAM ] array (
)
[ info ] [ LANG ] /var/www/html/fastadmin/public/../application/index/lang/zh-cn.php
[ info ] [ BEHAVIOR ] Run app\common\behavior\Common @module_init [ RunTime:0.001297s ]
[ info ] [ LANG ] /var/www/html/fastadmin/public/../application/index/lang/zh-cn/index.php
[ info ] [ RUN ] app\index\controller\Index->index[ /var/www/html/fastadmin/application/index/controller/Index.php ]
[ info ] [ VIEW ] /var/www/html/fastadmin/public/../application/index/view/index/index.html [ array (
  0 => 'user',
  1 => 'site',
  2 => 'config',
) ]
[ info ] [ LOG ] INIT File
---------------------------------------------------------------
[ 2018-09-24T02:04:00+08:00 ] 80.95.4.49 GET /
[ info ] 47.93.62.140:80/ [运行时间：0.026165s][吞吐率：38.22req/s] [内存消耗：2,478.63kb] [文件加载：63]
[ info ] [ BEHAVIOR ] Run Closure @app_init [ RunTime:0.000021s ]
[ info ] [ CACHE ] INIT File
[ info ] [ BEHAVIOR ] Run Closure @app_init [ RunTime:0.001027s ]
[ info ] [ LANG ] /var/www/html/fastadmin/thinkphp/lang/zh-cn.php
[ info ] [ ROUTE ] array (
  'type' => 'module',
  'module' => 
  array (
    0 => '',
    1 => NULL,
    2 => NULL,
  ),
)
[ info ] [ HEADER ] array (
  'content-length' => '0',
  'user-agent' => 'Mozilla/5.0 (Macintosh; Intel Mac OS X 10_11_6) AppleWebKit/601.7.7 (KHTML, like Gecko) Version/9.1.2 Safari/601.7.7',
  'host' => '47.93.62.140:80',
  'content-type' => '',
)
[ info ] [ PARAM ] array (
)
[ info ] [ LANG ] /var/www/html/fastadmin/public/../application/index/lang/zh-cn.php
[ info ] [ BEHAVIOR ] Run app\common\behavior\Common @module_init [ RunTime:0.001353s ]
[ info ] [ LANG ] /var/www/html/fastadmin/public/../application/index/lang/zh-cn/index.php
[ info ] [ RUN ] app\index\controller\Index->index[ /var/www/html/fastadmin/application/index/controller/Index.php ]
[ info ] [ VIEW ] /var/www/html/fastadmin/public/../application/index/view/index/index.html [ array (
  0 => 'user',
  1 => 'site',
  2 => 'config',
) ]
[ info ] [ LOG ] INIT File
---------------------------------------------------------------
[ 2018-09-24T04:19:34+08:00 ] 80.82.78.50 GET /cache/global/img/gs.gif
[ info ] www.baidu.com/cache/global/img/gs.gif [运行时间：0.017252s][吞吐率：57.96req/s] [内存消耗：1,626.62kb] [文件加载：48]
[ info ] [ BEHAVIOR ] Run Closure @app_init [ RunTime:0.000022s ]
[ info ] [ CACHE ] INIT File
[ info ] [ BEHAVIOR ] Run Closure @app_init [ RunTime:0.001071s ]
[ info ] [ LANG ] /var/www/html/fastadmin/thinkphp/lang/zh-cn.php
[ info ] [ ROUTE ] array (
  'type' => 'module',
  'module' => 
  array (
    0 => '404',
    1 => NULL,
    2 => NULL,
  ),
)
[ info ] [ HEADER ] array (
  'if-modified-since' => 'Thu, 19 Apr 2012 09:51:20 GMT',
  'user-agent' => 'Mozilla',
  'host' => 'www.baidu.com',
  'content-type' => '',
  'content-length' => '',
)
[ info ] [ PARAM ] array (
)
[ info ] [ LOG ] INIT File
---------------------------------------------------------------
[ 2018-09-24T05:01:10+08:00 ] 107.170.204.159 GET /
[ info ] 47.93.62.140/ [运行时间：0.024553s][吞吐率：40.73req/s] [内存消耗：2,478.45kb] [文件加载：63]
[ info ] [ BEHAVIOR ] Run Closure @app_init [ RunTime:0.000020s ]
[ info ] [ CACHE ] INIT File
[ info ] [ BEHAVIOR ] Run Closure @app_init [ RunTime:0.000968s ]
[ info ] [ LANG ] /var/www/html/fastadmin/thinkphp/lang/zh-cn.php
[ info ] [ ROUTE ] array (
  'type' => 'module',
  'module' => 
  array (
    0 => '',
    1 => NULL,
    2 => NULL,
  ),
)
[ info ] [ HEADER ] array (
  'accept-encoding' => 'gzip',
  'accept' => '*/*',
  'user-agent' => 'Mozilla/5.0 zgrab/0.x',
  'host' => '47.93.62.140',
  'content-type' => '',
  'content-length' => '',
)
[ info ] [ PARAM ] array (
)
[ info ] [ LANG ] /var/www/html/fastadmin/public/../application/index/lang/zh-cn.php
[ info ] [ BEHAVIOR ] Run app\common\behavior\Common @module_init [ RunTime:0.001213s ]
[ info ] [ LANG ] /var/www/html/fastadmin/public/../application/index/lang/zh-cn/index.php
[ info ] [ RUN ] app\index\controller\Index->index[ /var/www/html/fastadmin/application/index/controller/Index.php ]
[ info ] [ VIEW ] /var/www/html/fastadmin/public/../application/index/view/index/index.html [ array (
  0 => 'user',
  1 => 'site',
  2 => 'config',
) ]
[ info ] [ LOG ] INIT File
---------------------------------------------------------------
[ 2018-09-24T05:25:45+08:00 ] 46.141.98.210 GET /
[ info ] 47.93.62.140/ [运行时间：0.023783s][吞吐率：42.05req/s] [内存消耗：2,478.33kb] [文件加载：63]
[ info ] [ BEHAVIOR ] Run Closure @app_init [ RunTime:0.000019s ]
[ info ] [ CACHE ] INIT File
[ info ] [ BEHAVIOR ] Run Closure @app_init [ RunTime:0.000979s ]
[ info ] [ LANG ] /var/www/html/fastadmin/thinkphp/lang/zh-cn.php
[ info ] [ ROUTE ] array (
  'type' => 'module',
  'module' => 
  array (
    0 => '',
    1 => NULL,
    2 => NULL,
  ),
)
[ info ] [ HEADER ] array (
  'host' => '47.93.62.140',
  'user-agent' => 'Mozilla/5.0 (Windows NT 10.0; WOW64) AppleWebKit/537.36 (KHTML, like Gecko) Chrome/51.0.2704.103 Safari/537.36',
  'content-type' => '',
  'content-length' => '',
)
[ info ] [ PARAM ] array (
)
[ info ] [ LANG ] /var/www/html/fastadmin/public/../application/index/lang/zh-cn.php
[ info ] [ BEHAVIOR ] Run app\common\behavior\Common @module_init [ RunTime:0.001285s ]
[ info ] [ LANG ] /var/www/html/fastadmin/public/../application/index/lang/zh-cn/index.php
[ info ] [ RUN ] app\index\controller\Index->index[ /var/www/html/fastadmin/application/index/controller/Index.php ]
[ info ] [ VIEW ] /var/www/html/fastadmin/public/../application/index/view/index/index.html [ array (
  0 => 'user',
  1 => 'site',
  2 => 'config',
) ]
[ info ] [ LOG ] INIT File
---------------------------------------------------------------
[ 2018-09-24T05:41:09+08:00 ] 60.191.38.77 GET /
[ info ] 47.93.62.140:80/ [运行时间：0.024657s][吞吐率：40.56req/s] [内存消耗：2,478.67kb] [文件加载：63]
[ info ] [ BEHAVIOR ] Run Closure @app_init [ RunTime:0.000020s ]
[ info ] [ CACHE ] INIT File
[ info ] [ BEHAVIOR ] Run Closure @app_init [ RunTime:0.000970s ]
[ info ] [ LANG ] /var/www/html/fastadmin/thinkphp/lang/zh-cn.php
[ info ] [ ROUTE ] array (
  'type' => 'module',
  'module' => 
  array (
    0 => '',
    1 => NULL,
    2 => NULL,
  ),
)
[ info ] [ HEADER ] array (
  'connection' => 'keep-alive',
  'accept' => '*/*',
  'user-agent' => 'Mozilla/5.0 (Macintosh; Intel Mac OS X 10.11; rv:47.0) Gecko/20100101 Firefox/47.0',
  'host' => '47.93.62.140:80',
  'content-type' => '',
  'content-length' => '',
)
[ info ] [ PARAM ] array (
)
[ info ] [ LANG ] /var/www/html/fastadmin/public/../application/index/lang/zh-cn.php
[ info ] [ BEHAVIOR ] Run app\common\behavior\Common @module_init [ RunTime:0.001393s ]
[ info ] [ LANG ] /var/www/html/fastadmin/public/../application/index/lang/zh-cn/index.php
[ info ] [ RUN ] app\index\controller\Index->index[ /var/www/html/fastadmin/application/index/controller/Index.php ]
[ info ] [ VIEW ] /var/www/html/fastadmin/public/../application/index/view/index/index.html [ array (
  0 => 'user',
  1 => 'site',
  2 => 'config',
) ]
[ info ] [ LOG ] INIT File
---------------------------------------------------------------
[ 2018-09-24T05:58:34+08:00 ] 201.92.226.136 GET /
[ info ] 47.93.62.140:80/ [运行时间：0.024154s][吞吐率：41.40req/s] [内存消耗：2,478.63kb] [文件加载：63]
[ info ] [ BEHAVIOR ] Run Closure @app_init [ RunTime:0.000020s ]
[ info ] [ CACHE ] INIT File
[ info ] [ BEHAVIOR ] Run Closure @app_init [ RunTime:0.000954s ]
[ info ] [ LANG ] /var/www/html/fastadmin/thinkphp/lang/zh-cn.php
[ info ] [ ROUTE ] array (
  'type' => 'module',
  'module' => 
  array (
    0 => '',
    1 => NULL,
    2 => NULL,
  ),
)
[ info ] [ HEADER ] array (
  'content-length' => '0',
  'user-agent' => 'Mozilla/5.0 (Windows NT 10.0; WOW64) AppleWebKit/537.36 (KHTML, like Gecko) Chrome/52.0.2743.116 Safari/537.36',
  'host' => '47.93.62.140:80',
  'content-type' => '',
)
[ info ] [ PARAM ] array (
)
[ info ] [ LANG ] /var/www/html/fastadmin/public/../application/index/lang/zh-cn.php
[ info ] [ BEHAVIOR ] Run app\common\behavior\Common @module_init [ RunTime:0.001354s ]
[ info ] [ LANG ] /var/www/html/fastadmin/public/../application/index/lang/zh-cn/index.php
[ info ] [ RUN ] app\index\controller\Index->index[ /var/www/html/fastadmin/application/index/controller/Index.php ]
[ info ] [ VIEW ] /var/www/html/fastadmin/public/../application/index/view/index/index.html [ array (
  0 => 'user',
  1 => 'site',
  2 => 'config',
) ]
[ info ] [ LOG ] INIT File
---------------------------------------------------------------
[ 2018-09-24T06:22:57+08:00 ] 110.52.216.189 GET /
[ info ] www.baidu.com/ [运行时间：0.025325s][吞吐率：39.49req/s] [内存消耗：2,478.84kb] [文件加载：63]
[ info ] [ BEHAVIOR ] Run Closure @app_init [ RunTime:0.000020s ]
[ info ] [ CACHE ] INIT File
[ info ] [ BEHAVIOR ] Run Closure @app_init [ RunTime:0.000956s ]
[ info ] [ LANG ] /var/www/html/fastadmin/thinkphp/lang/zh-cn.php
[ info ] [ ROUTE ] array (
  'type' => 'module',
  'module' => 
  array (
    0 => '',
    1 => NULL,
    2 => NULL,
  ),
)
[ info ] [ HEADER ] array (
  'user-agent' => 'python-requests/2.6.0 CPython/2.7.5 Linux/3.10.0-693.11.1.el7.x86_64',
  'accept' => '*/*',
  'accept-encoding' => 'gzip, deflate',
  'connection' => 'keep-alive',
  'host' => 'www.baidu.com',
  'content-type' => '',
  'content-length' => '',
)
[ info ] [ PARAM ] array (
)
[ info ] [ LANG ] /var/www/html/fastadmin/public/../application/index/lang/zh-cn.php
[ info ] [ BEHAVIOR ] Run app\common\behavior\Common @module_init [ RunTime:0.001155s ]
[ info ] [ LANG ] /var/www/html/fastadmin/public/../application/index/lang/zh-cn/index.php
[ info ] [ RUN ] app\index\controller\Index->index[ /var/www/html/fastadmin/application/index/controller/Index.php ]
[ info ] [ VIEW ] /var/www/html/fastadmin/public/../application/index/view/index/index.html [ array (
  0 => 'user',
  1 => 'site',
  2 => 'config',
) ]
[ info ] [ LOG ] INIT File
---------------------------------------------------------------
[ 2018-09-24T06:23:02+08:00 ] 110.52.216.189 GET /
[ info ] www.rfa.org/ [运行时间：0.025327s][吞吐率：39.48req/s] [内存消耗：2,478.84kb] [文件加载：63]
[ info ] [ BEHAVIOR ] Run Closure @app_init [ RunTime:0.000022s ]
[ info ] [ CACHE ] INIT File
[ info ] [ BEHAVIOR ] Run Closure @app_init [ RunTime:0.001003s ]
[ info ] [ LANG ] /var/www/html/fastadmin/thinkphp/lang/zh-cn.php
[ info ] [ ROUTE ] array (
  'type' => 'module',
  'module' => 
  array (
    0 => '',
    1 => NULL,
    2 => NULL,
  ),
)
[ info ] [ HEADER ] array (
  'user-agent' => 'python-requests/2.6.0 CPython/2.7.5 Linux/3.10.0-693.11.1.el7.x86_64',
  'accept' => '*/*',
  'accept-encoding' => 'gzip, deflate',
  'connection' => 'keep-alive',
  'host' => 'www.rfa.org',
  'content-type' => '',
  'content-length' => '',
)
[ info ] [ PARAM ] array (
)
[ info ] [ LANG ] /var/www/html/fastadmin/public/../application/index/lang/zh-cn.php
[ info ] [ BEHAVIOR ] Run app\common\behavior\Common @module_init [ RunTime:0.001287s ]
[ info ] [ LANG ] /var/www/html/fastadmin/public/../application/index/lang/zh-cn/index.php
[ info ] [ RUN ] app\index\controller\Index->index[ /var/www/html/fastadmin/application/index/controller/Index.php ]
[ info ] [ VIEW ] /var/www/html/fastadmin/public/../application/index/view/index/index.html [ array (
  0 => 'user',
  1 => 'site',
  2 => 'config',
) ]
[ info ] [ LOG ] INIT File
---------------------------------------------------------------
[ 2018-09-24T06:23:02+08:00 ] 110.52.216.189 GET /
[ info ] wujieliulan.com/ [运行时间：0.034503s][吞吐率：28.98req/s] [内存消耗：2,478.85kb] [文件加载：63]
[ info ] [ BEHAVIOR ] Run Closure @app_init [ RunTime:0.000018s ]
[ info ] [ CACHE ] INIT File
[ info ] [ BEHAVIOR ] Run Closure @app_init [ RunTime:0.000954s ]
[ info ] [ LANG ] /var/www/html/fastadmin/thinkphp/lang/zh-cn.php
[ info ] [ ROUTE ] array (
  'type' => 'module',
  'module' => 
  array (
    0 => '',
    1 => NULL,
    2 => NULL,
  ),
)
[ info ] [ HEADER ] array (
  'user-agent' => 'python-requests/2.6.0 CPython/2.7.5 Linux/3.10.0-693.11.1.el7.x86_64',
  'accept' => '*/*',
  'accept-encoding' => 'gzip, deflate',
  'connection' => 'keep-alive',
  'host' => 'wujieliulan.com',
  'content-type' => '',
  'content-length' => '',
)
[ info ] [ PARAM ] array (
)
[ info ] [ LANG ] /var/www/html/fastadmin/public/../application/index/lang/zh-cn.php
[ info ] [ BEHAVIOR ] Run app\common\behavior\Common @module_init [ RunTime:0.001288s ]
[ info ] [ LANG ] /var/www/html/fastadmin/public/../application/index/lang/zh-cn/index.php
[ info ] [ RUN ] app\index\controller\Index->index[ /var/www/html/fastadmin/application/index/controller/Index.php ]
[ info ] [ VIEW ] /var/www/html/fastadmin/public/../application/index/view/index/index.html [ array (
  0 => 'user',
  1 => 'site',
  2 => 'config',
) ]
[ info ] [ LOG ] INIT File
---------------------------------------------------------------
[ 2018-09-24T06:23:02+08:00 ] 110.52.216.189 GET /
[ info ] www.minghui.org/ [运行时间：0.048539s][吞吐率：20.60req/s] [内存消耗：2,478.85kb] [文件加载：63]
[ info ] [ BEHAVIOR ] Run Closure @app_init [ RunTime:0.000018s ]
[ info ] [ CACHE ] INIT File
[ info ] [ BEHAVIOR ] Run Closure @app_init [ RunTime:0.000999s ]
[ info ] [ LANG ] /var/www/html/fastadmin/thinkphp/lang/zh-cn.php
[ info ] [ ROUTE ] array (
  'type' => 'module',
  'module' => 
  array (
    0 => '',
    1 => NULL,
    2 => NULL,
  ),
)
[ info ] [ HEADER ] array (
  'user-agent' => 'python-requests/2.6.0 CPython/2.7.5 Linux/3.10.0-693.11.1.el7.x86_64',
  'accept' => '*/*',
  'accept-encoding' => 'gzip, deflate',
  'connection' => 'keep-alive',
  'host' => 'www.minghui.org',
  'content-type' => '',
  'content-length' => '',
)
[ info ] [ PARAM ] array (
)
[ info ] [ LANG ] /var/www/html/fastadmin/public/../application/index/lang/zh-cn.php
[ info ] [ BEHAVIOR ] Run app\common\behavior\Common @module_init [ RunTime:0.001204s ]
[ info ] [ LANG ] /var/www/html/fastadmin/public/../application/index/lang/zh-cn/index.php
[ info ] [ RUN ] app\index\controller\Index->index[ /var/www/html/fastadmin/application/index/controller/Index.php ]
[ info ] [ VIEW ] /var/www/html/fastadmin/public/../application/index/view/index/index.html [ array (
  0 => 'user',
  1 => 'site',
  2 => 'config',
) ]
[ info ] [ LOG ] INIT File
---------------------------------------------------------------
[ 2018-09-24T06:23:02+08:00 ] 110.52.216.189 GET /
[ info ] www.epochtimes.com/ [运行时间：0.038284s][吞吐率：26.12req/s] [内存消耗：2,478.87kb] [文件加载：63]
[ info ] [ BEHAVIOR ] Run Closure @app_init [ RunTime:0.000016s ]
[ info ] [ CACHE ] INIT File
[ info ] [ BEHAVIOR ] Run Closure @app_init [ RunTime:0.000941s ]
[ info ] [ LANG ] /var/www/html/fastadmin/thinkphp/lang/zh-cn.php
[ info ] [ ROUTE ] array (
  'type' => 'module',
  'module' => 
  array (
    0 => '',
    1 => NULL,
    2 => NULL,
  ),
)
[ info ] [ HEADER ] array (
  'user-agent' => 'python-requests/2.6.0 CPython/2.7.5 Linux/3.10.0-693.11.1.el7.x86_64',
  'accept' => '*/*',
  'accept-encoding' => 'gzip, deflate',
  'connection' => 'keep-alive',
  'host' => 'www.epochtimes.com',
  'content-type' => '',
  'content-length' => '',
)
[ info ] [ PARAM ] array (
)
[ info ] [ LANG ] /var/www/html/fastadmin/public/../application/index/lang/zh-cn.php
[ info ] [ BEHAVIOR ] Run app\common\behavior\Common @module_init [ RunTime:0.001220s ]
[ info ] [ LANG ] /var/www/html/fastadmin/public/../application/index/lang/zh-cn/index.php
[ info ] [ RUN ] app\index\controller\Index->index[ /var/www/html/fastadmin/application/index/controller/Index.php ]
[ info ] [ VIEW ] /var/www/html/fastadmin/public/../application/index/view/index/index.html [ array (
  0 => 'user',
  1 => 'site',
  2 => 'config',
) ]
[ info ] [ LOG ] INIT File
---------------------------------------------------------------
[ 2018-09-24T06:23:02+08:00 ] 110.52.216.189 GET /
[ info ] www.bing.com/ [运行时间：0.047690s][吞吐率：20.97req/s] [内存消耗：2,478.84kb] [文件加载：63]
[ info ] [ BEHAVIOR ] Run Closure @app_init [ RunTime:0.000017s ]
[ info ] [ CACHE ] INIT File
[ info ] [ BEHAVIOR ] Run Closure @app_init [ RunTime:0.000998s ]
[ info ] [ LANG ] /var/www/html/fastadmin/thinkphp/lang/zh-cn.php
[ info ] [ ROUTE ] array (
  'type' => 'module',
  'module' => 
  array (
    0 => '',
    1 => NULL,
    2 => NULL,
  ),
)
[ info ] [ HEADER ] array (
  'user-agent' => 'python-requests/2.6.0 CPython/2.7.5 Linux/3.10.0-693.11.1.el7.x86_64',
  'accept' => '*/*',
  'accept-encoding' => 'gzip, deflate',
  'connection' => 'keep-alive',
  'host' => 'www.bing.com',
  'content-type' => '',
  'content-length' => '',
)
[ info ] [ PARAM ] array (
)
[ info ] [ LANG ] /var/www/html/fastadmin/public/../application/index/lang/zh-cn.php
[ info ] [ BEHAVIOR ] Run app\common\behavior\Common @module_init [ RunTime:0.001150s ]
[ info ] [ LANG ] /var/www/html/fastadmin/public/../application/index/lang/zh-cn/index.php
[ info ] [ RUN ] app\index\controller\Index->index[ /var/www/html/fastadmin/application/index/controller/Index.php ]
[ info ] [ VIEW ] /var/www/html/fastadmin/public/../application/index/view/index/index.html [ array (
  0 => 'user',
  1 => 'site',
  2 => 'config',
) ]
[ info ] [ LOG ] INIT File
---------------------------------------------------------------
[ 2018-09-24T06:23:02+08:00 ] 110.52.216.189 GET /
[ info ] www.boxun.com/ [运行时间：0.048152s][吞吐率：20.77req/s] [内存消耗：2,478.84kb] [文件加载：63]
[ info ] [ BEHAVIOR ] Run Closure @app_init [ RunTime:0.000025s ]
[ info ] [ CACHE ] INIT File
[ info ] [ BEHAVIOR ] Run Closure @app_init [ RunTime:0.000906s ]
[ info ] [ LANG ] /var/www/html/fastadmin/thinkphp/lang/zh-cn.php
[ info ] [ ROUTE ] array (
  'type' => 'module',
  'module' => 
  array (
    0 => '',
    1 => NULL,
    2 => NULL,
  ),
)
[ info ] [ HEADER ] array (
  'user-agent' => 'python-requests/2.6.0 CPython/2.7.5 Linux/3.10.0-693.11.1.el7.x86_64',
  'accept' => '*/*',
  'accept-encoding' => 'gzip, deflate',
  'connection' => 'keep-alive',
  'host' => 'www.boxun.com',
  'content-type' => '',
  'content-length' => '',
)
[ info ] [ PARAM ] array (
)
[ info ] [ LANG ] /var/www/html/fastadmin/public/../application/index/lang/zh-cn.php
[ info ] [ BEHAVIOR ] Run app\common\behavior\Common @module_init [ RunTime:0.001156s ]
[ info ] [ LANG ] /var/www/html/fastadmin/public/../application/index/lang/zh-cn/index.php
[ info ] [ RUN ] app\index\controller\Index->index[ /var/www/html/fastadmin/application/index/controller/Index.php ]
[ info ] [ VIEW ] /var/www/html/fastadmin/public/../application/index/view/index/index.html [ array (
  0 => 'user',
  1 => 'site',
  2 => 'config',
) ]
[ info ] [ LOG ] INIT File
---------------------------------------------------------------
[ 2018-09-24T06:23:02+08:00 ] 110.52.216.189 GET /
[ info ] www.123cha.com/ [运行时间：0.026689s][吞吐率：37.47req/s] [内存消耗：2,478.84kb] [文件加载：63]
[ info ] [ BEHAVIOR ] Run Closure @app_init [ RunTime:0.000028s ]
[ info ] [ CACHE ] INIT File
[ info ] [ BEHAVIOR ] Run Closure @app_init [ RunTime:0.000932s ]
[ info ] [ LANG ] /var/www/html/fastadmin/thinkphp/lang/zh-cn.php
[ info ] [ ROUTE ] array (
  'type' => 'module',
  'module' => 
  array (
    0 => '',
    1 => NULL,
    2 => NULL,
  ),
)
[ info ] [ HEADER ] array (
  'user-agent' => 'python-requests/2.6.0 CPython/2.7.5 Linux/3.10.0-693.11.1.el7.x86_64',
  'accept' => '*/*',
  'accept-encoding' => 'gzip, deflate',
  'connection' => 'keep-alive',
  'host' => 'www.123cha.com',
  'content-type' => '',
  'content-length' => '',
)
[ info ] [ PARAM ] array (
)
[ info ] [ LANG ] /var/www/html/fastadmin/public/../application/index/lang/zh-cn.php
[ info ] [ BEHAVIOR ] Run app\common\behavior\Common @module_init [ RunTime:0.001167s ]
[ info ] [ LANG ] /var/www/html/fastadmin/public/../application/index/lang/zh-cn/index.php
[ info ] [ RUN ] app\index\controller\Index->index[ /var/www/html/fastadmin/application/index/controller/Index.php ]
[ info ] [ VIEW ] /var/www/html/fastadmin/public/../application/index/view/index/index.html [ array (
  0 => 'user',
  1 => 'site',
  2 => 'config',
) ]
[ info ] [ LOG ] INIT File
---------------------------------------------------------------
[ 2018-09-24T08:28:47+08:00 ] 172.82.166.210 GET /cache/global/img/gs.gif
[ info ] www.baidu.com/cache/global/img/gs.gif [运行时间：0.016644s][吞吐率：60.08req/s] [内存消耗：1,626.62kb] [文件加载：48]
[ info ] [ BEHAVIOR ] Run Closure @app_init [ RunTime:0.000021s ]
[ info ] [ CACHE ] INIT File
[ info ] [ BEHAVIOR ] Run Closure @app_init [ RunTime:0.001019s ]
[ info ] [ LANG ] /var/www/html/fastadmin/thinkphp/lang/zh-cn.php
[ info ] [ ROUTE ] array (
  'type' => 'module',
  'module' => 
  array (
    0 => '404',
    1 => NULL,
    2 => NULL,
  ),
)
[ info ] [ HEADER ] array (
  'if-modified-since' => 'Thu, 19 Apr 2012 09:51:20 GMT',
  'user-agent' => 'Mozilla',
  'host' => 'www.baidu.com',
  'content-type' => '',
  'content-length' => '',
)
[ info ] [ PARAM ] array (
)
[ info ] [ LOG ] INIT File
---------------------------------------------------------------
[ 2018-09-24T09:32:15+08:00 ] 80.82.70.187 GET /cache/global/img/gs.gif
[ info ] www.baidu.com/cache/global/img/gs.gif [运行时间：0.017638s][吞吐率：56.70req/s] [内存消耗：1,626.62kb] [文件加载：48]
[ info ] [ BEHAVIOR ] Run Closure @app_init [ RunTime:0.000022s ]
[ info ] [ CACHE ] INIT File
[ info ] [ BEHAVIOR ] Run Closure @app_init [ RunTime:0.000997s ]
[ info ] [ LANG ] /var/www/html/fastadmin/thinkphp/lang/zh-cn.php
[ info ] [ ROUTE ] array (
  'type' => 'module',
  'module' => 
  array (
    0 => '404',
    1 => NULL,
    2 => NULL,
  ),
)
[ info ] [ HEADER ] array (
  'if-modified-since' => 'Thu, 19 Apr 2012 09:51:20 GMT',
  'user-agent' => 'Mozilla',
  'host' => 'www.baidu.com',
  'content-type' => '',
  'content-length' => '',
)
[ info ] [ PARAM ] array (
)
[ info ] [ LOG ] INIT File
---------------------------------------------------------------
[ 2018-09-24T10:07:49+08:00 ] 61.9.32.202 GET /
[ info ] 47.93.62.140:80/ [运行时间：0.023247s][吞吐率：43.02req/s] [内存消耗：2,478.63kb] [文件加载：63]
[ info ] [ BEHAVIOR ] Run Closure @app_init [ RunTime:0.000022s ]
[ info ] [ CACHE ] INIT File
[ info ] [ BEHAVIOR ] Run Closure @app_init [ RunTime:0.000960s ]
[ info ] [ LANG ] /var/www/html/fastadmin/thinkphp/lang/zh-cn.php
[ info ] [ ROUTE ] array (
  'type' => 'module',
  'module' => 
  array (
    0 => '',
    1 => NULL,
    2 => NULL,
  ),
)
[ info ] [ HEADER ] array (
  'content-length' => '0',
  'user-agent' => 'Mozilla/5.0 (Windows NT 6.1; WOW64) AppleWebKit/537.36 (KHTML, like Gecko) Chrome/51.0.2704.103 Safari/537.36',
  'host' => '47.93.62.140:80',
  'content-type' => '',
)
[ info ] [ PARAM ] array (
)
[ info ] [ LANG ] /var/www/html/fastadmin/public/../application/index/lang/zh-cn.php
[ info ] [ BEHAVIOR ] Run app\common\behavior\Common @module_init [ RunTime:0.001152s ]
[ info ] [ LANG ] /var/www/html/fastadmin/public/../application/index/lang/zh-cn/index.php
[ info ] [ RUN ] app\index\controller\Index->index[ /var/www/html/fastadmin/application/index/controller/Index.php ]
[ info ] [ VIEW ] /var/www/html/fastadmin/public/../application/index/view/index/index.html [ array (
  0 => 'user',
  1 => 'site',
  2 => 'config',
) ]
[ info ] [ LOG ] INIT File
---------------------------------------------------------------
[ 2018-09-24T11:10:24+08:00 ] 84.241.46.126 GET /
[ info ] 47.93.62.140:80/ [运行时间：0.023254s][吞吐率：43.00req/s] [内存消耗：2,478.63kb] [文件加载：63]
[ info ] [ BEHAVIOR ] Run Closure @app_init [ RunTime:0.000021s ]
[ info ] [ CACHE ] INIT File
[ info ] [ BEHAVIOR ] Run Closure @app_init [ RunTime:0.000959s ]
[ info ] [ LANG ] /var/www/html/fastadmin/thinkphp/lang/zh-cn.php
[ info ] [ ROUTE ] array (
  'type' => 'module',
  'module' => 
  array (
    0 => '',
    1 => NULL,
    2 => NULL,
  ),
)
[ info ] [ HEADER ] array (
  'content-length' => '0',
  'user-agent' => 'Mozilla/5.0 (Windows NT 10.0; WOW64) AppleWebKit/537.36 (KHTML, like Gecko) Chrome/52.0.2743.116 Safari/537.36',
  'host' => '47.93.62.140:80',
  'content-type' => '',
)
[ info ] [ PARAM ] array (
)
[ info ] [ LANG ] /var/www/html/fastadmin/public/../application/index/lang/zh-cn.php
[ info ] [ BEHAVIOR ] Run app\common\behavior\Common @module_init [ RunTime:0.001166s ]
[ info ] [ LANG ] /var/www/html/fastadmin/public/../application/index/lang/zh-cn/index.php
[ info ] [ RUN ] app\index\controller\Index->index[ /var/www/html/fastadmin/application/index/controller/Index.php ]
[ info ] [ VIEW ] /var/www/html/fastadmin/public/../application/index/view/index/index.html [ array (
  0 => 'user',
  1 => 'site',
  2 => 'config',
) ]
[ info ] [ LOG ] INIT File
---------------------------------------------------------------
[ 2018-09-24T11:31:40+08:00 ] 189.69.254.101 GET /
[ info ] 47.93.62.140:80/ [运行时间：0.023508s][吞吐率：42.54req/s] [内存消耗：2,478.63kb] [文件加载：63]
[ info ] [ BEHAVIOR ] Run Closure @app_init [ RunTime:0.000020s ]
[ info ] [ CACHE ] INIT File
[ info ] [ BEHAVIOR ] Run Closure @app_init [ RunTime:0.000936s ]
[ info ] [ LANG ] /var/www/html/fastadmin/thinkphp/lang/zh-cn.php
[ info ] [ ROUTE ] array (
  'type' => 'module',
  'module' => 
  array (
    0 => '',
    1 => NULL,
    2 => NULL,
  ),
)
[ info ] [ HEADER ] array (
  'content-length' => '0',
  'user-agent' => 'Mozilla/5.0 (Windows NT 10.0; WOW64) AppleWebKit/537.36 (KHTML, like Gecko) Chrome/52.0.2743.116 Safari/537.36',
  'host' => '47.93.62.140:80',
  'content-type' => '',
)
[ info ] [ PARAM ] array (
)
[ info ] [ LANG ] /var/www/html/fastadmin/public/../application/index/lang/zh-cn.php
[ info ] [ BEHAVIOR ] Run app\common\behavior\Common @module_init [ RunTime:0.001183s ]
[ info ] [ LANG ] /var/www/html/fastadmin/public/../application/index/lang/zh-cn/index.php
[ info ] [ RUN ] app\index\controller\Index->index[ /var/www/html/fastadmin/application/index/controller/Index.php ]
[ info ] [ VIEW ] /var/www/html/fastadmin/public/../application/index/view/index/index.html [ array (
  0 => 'user',
  1 => 'site',
  2 => 'config',
) ]
[ info ] [ LOG ] INIT File
---------------------------------------------------------------
[ 2018-09-24T11:39:26+08:00 ] 78.29.95.138 GET /
[ info ] 47.93.62.140:80/ [运行时间：0.024648s][吞吐率：40.57req/s] [内存消耗：2,478.63kb] [文件加载：63]
[ info ] [ BEHAVIOR ] Run Closure @app_init [ RunTime:0.000022s ]
[ info ] [ CACHE ] INIT File
[ info ] [ BEHAVIOR ] Run Closure @app_init [ RunTime:0.001011s ]
[ info ] [ LANG ] /var/www/html/fastadmin/thinkphp/lang/zh-cn.php
[ info ] [ ROUTE ] array (
  'type' => 'module',
  'module' => 
  array (
    0 => '',
    1 => NULL,
    2 => NULL,
  ),
)
[ info ] [ HEADER ] array (
  'content-length' => '0',
  'user-agent' => 'Mozilla/5.0 (Windows NT 6.1; WOW64) AppleWebKit/537.36 (KHTML, like Gecko) Chrome/52.0.2743.116 Safari/537.36',
  'host' => '47.93.62.140:80',
  'content-type' => '',
)
[ info ] [ PARAM ] array (
)
[ info ] [ LANG ] /var/www/html/fastadmin/public/../application/index/lang/zh-cn.php
[ info ] [ BEHAVIOR ] Run app\common\behavior\Common @module_init [ RunTime:0.001247s ]
[ info ] [ LANG ] /var/www/html/fastadmin/public/../application/index/lang/zh-cn/index.php
[ info ] [ RUN ] app\index\controller\Index->index[ /var/www/html/fastadmin/application/index/controller/Index.php ]
[ info ] [ VIEW ] /var/www/html/fastadmin/public/../application/index/view/index/index.html [ array (
  0 => 'user',
  1 => 'site',
  2 => 'config',
) ]
[ info ] [ LOG ] INIT File
---------------------------------------------------------------
[ 2018-09-24T11:41:13+08:00 ] 177.189.186.41 GET /
[ info ] 47.93.62.140:80/ [运行时间：0.025288s][吞吐率：39.54req/s] [内存消耗：2,478.63kb] [文件加载：63]
[ info ] [ BEHAVIOR ] Run Closure @app_init [ RunTime:0.000022s ]
[ info ] [ CACHE ] INIT File
[ info ] [ BEHAVIOR ] Run Closure @app_init [ RunTime:0.001040s ]
[ info ] [ LANG ] /var/www/html/fastadmin/thinkphp/lang/zh-cn.php
[ info ] [ ROUTE ] array (
  'type' => 'module',
  'module' => 
  array (
    0 => '',
    1 => NULL,
    2 => NULL,
  ),
)
[ info ] [ HEADER ] array (
  'content-length' => '0',
  'user-agent' => 'Mozilla/5.0 (Windows NT 6.1; WOW64) AppleWebKit/537.36 (KHTML, like Gecko) Chrome/51.0.2704.103 Safari/537.36',
  'host' => '47.93.62.140:80',
  'content-type' => '',
)
[ info ] [ PARAM ] array (
)
[ info ] [ LANG ] /var/www/html/fastadmin/public/../application/index/lang/zh-cn.php
[ info ] [ BEHAVIOR ] Run app\common\behavior\Common @module_init [ RunTime:0.001239s ]
[ info ] [ LANG ] /var/www/html/fastadmin/public/../application/index/lang/zh-cn/index.php
[ info ] [ RUN ] app\index\controller\Index->index[ /var/www/html/fastadmin/application/index/controller/Index.php ]
[ info ] [ VIEW ] /var/www/html/fastadmin/public/../application/index/view/index/index.html [ array (
  0 => 'user',
  1 => 'site',
  2 => 'config',
) ]
[ info ] [ LOG ] INIT File
---------------------------------------------------------------
[ 2018-09-24T12:44:44+08:00 ] 144.48.9.22 GET /
[ info ] 47.93.62.140/ [运行时间：0.024289s][吞吐率：41.17req/s] [内存消耗：2,478.75kb] [文件加载：63]
[ info ] [ BEHAVIOR ] Run Closure @app_init [ RunTime:0.000021s ]
[ info ] [ CACHE ] INIT File
[ info ] [ BEHAVIOR ] Run Closure @app_init [ RunTime:0.000963s ]
[ info ] [ LANG ] /var/www/html/fastadmin/thinkphp/lang/zh-cn.php
[ info ] [ ROUTE ] array (
  'type' => 'module',
  'module' => 
  array (
    0 => '',
    1 => NULL,
    2 => NULL,
  ),
)
[ info ] [ HEADER ] array (
  'connection' => 'keep-alive',
  'accept' => '*/*',
  'accept-encoding' => 'gzip, deflate',
  'user-agent' => 'python-requests/2.19.1',
  'host' => '47.93.62.140',
  'content-type' => '',
  'content-length' => '',
)
[ info ] [ PARAM ] array (
)
[ info ] [ LANG ] /var/www/html/fastadmin/public/../application/index/lang/zh-cn.php
[ info ] [ BEHAVIOR ] Run app\common\behavior\Common @module_init [ RunTime:0.001193s ]
[ info ] [ LANG ] /var/www/html/fastadmin/public/../application/index/lang/zh-cn/index.php
[ info ] [ RUN ] app\index\controller\Index->index[ /var/www/html/fastadmin/application/index/controller/Index.php ]
[ info ] [ VIEW ] /var/www/html/fastadmin/public/../application/index/view/index/index.html [ array (
  0 => 'user',
  1 => 'site',
  2 => 'config',
) ]
[ info ] [ LOG ] INIT File
---------------------------------------------------------------
[ 2018-09-24T13:15:01+08:00 ] 13.57.183.85 GET /
[ info ] 47.93.62.140/ [运行时间：0.023552s][吞吐率：42.46req/s] [内存消耗：2,479.33kb] [文件加载：63]
[ info ] [ BEHAVIOR ] Run Closure @app_init [ RunTime:0.000023s ]
[ info ] [ CACHE ] INIT File
[ info ] [ BEHAVIOR ] Run Closure @app_init [ RunTime:0.000965s ]
[ info ] [ LANG ] /var/www/html/fastadmin/thinkphp/lang/zh-cn.php
[ info ] [ ROUTE ] array (
  'type' => 'module',
  'module' => 
  array (
    0 => '',
    1 => NULL,
    2 => NULL,
  ),
)
[ info ] [ HEADER ] array (
  'user-agent' => 'Mozilla/5.0 (Macintosh; Intel Mac OS X 10_11_5) AppleWebKit/537.36 (KHTML, like Gecko) Chrome/50.0.2661.102 Safari/537.36',
  'accept-encoding' => 'gzip',
  'connection' => 'close',
  'host' => '47.93.62.140',
  'content-type' => '',
  'content-length' => '',
)
[ info ] [ PARAM ] array (
)
[ info ] [ LANG ] /var/www/html/fastadmin/public/../application/index/lang/zh-cn.php
[ info ] [ BEHAVIOR ] Run app\common\behavior\Common @module_init [ RunTime:0.001179s ]
[ info ] [ LANG ] /var/www/html/fastadmin/public/../application/index/lang/zh-cn/index.php
[ info ] [ RUN ] app\index\controller\Index->index[ /var/www/html/fastadmin/application/index/controller/Index.php ]
[ info ] [ VIEW ] /var/www/html/fastadmin/public/../application/index/view/index/index.html [ array (
  0 => 'user',
  1 => 'site',
  2 => 'config',
) ]
[ info ] [ LOG ] INIT File
---------------------------------------------------------------
[ 2018-09-24T13:44:23+08:00 ] 5.61.245.74 GET /
[ info ] 47.93.62.140:80/ [运行时间：0.023147s][吞吐率：43.20req/s] [内存消耗：2,478.63kb] [文件加载：63]
[ info ] [ BEHAVIOR ] Run Closure @app_init [ RunTime:0.000020s ]
[ info ] [ CACHE ] INIT File
[ info ] [ BEHAVIOR ] Run Closure @app_init [ RunTime:0.000957s ]
[ info ] [ LANG ] /var/www/html/fastadmin/thinkphp/lang/zh-cn.php
[ info ] [ ROUTE ] array (
  'type' => 'module',
  'module' => 
  array (
    0 => '',
    1 => NULL,
    2 => NULL,
  ),
)
[ info ] [ HEADER ] array (
  'content-length' => '0',
  'user-agent' => 'Mozilla/5.0 (Windows NT 6.1; WOW64) AppleWebKit/537.36 (KHTML, like Gecko) Chrome/52.0.2743.116 Safari/537.36',
  'host' => '47.93.62.140:80',
  'content-type' => '',
)
[ info ] [ PARAM ] array (
)
[ info ] [ LANG ] /var/www/html/fastadmin/public/../application/index/lang/zh-cn.php
[ info ] [ BEHAVIOR ] Run app\common\behavior\Common @module_init [ RunTime:0.001162s ]
[ info ] [ LANG ] /var/www/html/fastadmin/public/../application/index/lang/zh-cn/index.php
[ info ] [ RUN ] app\index\controller\Index->index[ /var/www/html/fastadmin/application/index/controller/Index.php ]
[ info ] [ VIEW ] /var/www/html/fastadmin/public/../application/index/view/index/index.html [ array (
  0 => 'user',
  1 => 'site',
  2 => 'config',
) ]
[ info ] [ LOG ] INIT File
---------------------------------------------------------------
[ 2018-09-24T13:54:28+08:00 ] 217.27.148.33 GET /
[ info ] 47.93.62.140:80/ [运行时间：0.025967s][吞吐率：38.51req/s] [内存消耗：2,478.63kb] [文件加载：63]
[ info ] [ BEHAVIOR ] Run Closure @app_init [ RunTime:0.000019s ]
[ info ] [ CACHE ] INIT File
[ info ] [ BEHAVIOR ] Run Closure @app_init [ RunTime:0.001065s ]
[ info ] [ LANG ] /var/www/html/fastadmin/thinkphp/lang/zh-cn.php
[ info ] [ ROUTE ] array (
  'type' => 'module',
  'module' => 
  array (
    0 => '',
    1 => NULL,
    2 => NULL,
  ),
)
[ info ] [ HEADER ] array (
  'content-length' => '0',
  'user-agent' => 'Mozilla/5.0 (Windows NT 10.0; WOW64) AppleWebKit/537.36 (KHTML, like Gecko) Chrome/51.0.2704.103 Safari/537.36',
  'host' => '47.93.62.140:80',
  'content-type' => '',
)
[ info ] [ PARAM ] array (
)
[ info ] [ LANG ] /var/www/html/fastadmin/public/../application/index/lang/zh-cn.php
[ info ] [ BEHAVIOR ] Run app\common\behavior\Common @module_init [ RunTime:0.001284s ]
[ info ] [ LANG ] /var/www/html/fastadmin/public/../application/index/lang/zh-cn/index.php
[ info ] [ RUN ] app\index\controller\Index->index[ /var/www/html/fastadmin/application/index/controller/Index.php ]
[ info ] [ VIEW ] /var/www/html/fastadmin/public/../application/index/view/index/index.html [ array (
  0 => 'user',
  1 => 'site',
  2 => 'config',
) ]
[ info ] [ LOG ] INIT File
---------------------------------------------------------------
[ 2018-09-24T14:18:34+08:00 ] 89.39.17.82 GET /
[ info ] 47.93.62.140:80/ [运行时间：0.025273s][吞吐率：39.57req/s] [内存消耗：2,478.63kb] [文件加载：63]
[ info ] [ BEHAVIOR ] Run Closure @app_init [ RunTime:0.000023s ]
[ info ] [ CACHE ] INIT File
[ info ] [ BEHAVIOR ] Run Closure @app_init [ RunTime:0.001010s ]
[ info ] [ LANG ] /var/www/html/fastadmin/thinkphp/lang/zh-cn.php
[ info ] [ ROUTE ] array (
  'type' => 'module',
  'module' => 
  array (
    0 => '',
    1 => NULL,
    2 => NULL,
  ),
)
[ info ] [ HEADER ] array (
  'content-length' => '0',
  'user-agent' => 'Mozilla/5.0 (Macintosh; Intel Mac OS X 10_11_6) AppleWebKit/601.7.7 (KHTML, like Gecko) Version/9.1.2 Safari/601.7.7',
  'host' => '47.93.62.140:80',
  'content-type' => '',
)
[ info ] [ PARAM ] array (
)
[ info ] [ LANG ] /var/www/html/fastadmin/public/../application/index/lang/zh-cn.php
[ info ] [ BEHAVIOR ] Run app\common\behavior\Common @module_init [ RunTime:0.001179s ]
[ info ] [ LANG ] /var/www/html/fastadmin/public/../application/index/lang/zh-cn/index.php
[ info ] [ RUN ] app\index\controller\Index->index[ /var/www/html/fastadmin/application/index/controller/Index.php ]
[ info ] [ VIEW ] /var/www/html/fastadmin/public/../application/index/view/index/index.html [ array (
  0 => 'user',
  1 => 'site',
  2 => 'config',
) ]
[ info ] [ LOG ] INIT File
---------------------------------------------------------------
[ 2018-09-24T14:21:35+08:00 ] 106.14.204.78 GET /
[ info ] 47.93.62.140/ [运行时间：0.025246s][吞吐率：39.61req/s] [内存消耗：2,479.32kb] [文件加载：63]
[ info ] [ BEHAVIOR ] Run Closure @app_init [ RunTime:0.000021s ]
[ info ] [ CACHE ] INIT File
[ info ] [ BEHAVIOR ] Run Closure @app_init [ RunTime:0.001011s ]
[ info ] [ LANG ] /var/www/html/fastadmin/thinkphp/lang/zh-cn.php
[ info ] [ ROUTE ] array (
  'type' => 'module',
  'module' => 
  array (
    0 => '',
    1 => NULL,
    2 => NULL,
  ),
)
[ info ] [ HEADER ] array (
  'connection' => 'keep-alive',
  'accept' => 'text/html, image/gif, image/jpeg, *; q=.2, */*; q=.2',
  'host' => '47.93.62.140',
  'user-agent' => 'Mozilla/5.0 (X11; Ubuntu; Linux x86_64; rv:36.0) Gecko/20100101 Firefox/36.0',
  'content-type' => '',
  'content-length' => '',
)
[ info ] [ PARAM ] array (
)
[ info ] [ LANG ] /var/www/html/fastadmin/public/../application/index/lang/zh-cn.php
[ info ] [ BEHAVIOR ] Run app\common\behavior\Common @module_init [ RunTime:0.001245s ]
[ info ] [ LANG ] /var/www/html/fastadmin/public/../application/index/lang/zh-cn/index.php
[ info ] [ RUN ] app\index\controller\Index->index[ /var/www/html/fastadmin/application/index/controller/Index.php ]
[ info ] [ VIEW ] /var/www/html/fastadmin/public/../application/index/view/index/index.html [ array (
  0 => 'user',
  1 => 'site',
  2 => 'config',
) ]
[ info ] [ LOG ] INIT File
---------------------------------------------------------------
[ 2018-09-24T15:04:20+08:00 ] 101.132.177.14 GET /
[ info ] 47.93.62.140/ [运行时间：0.025098s][吞吐率：39.84req/s] [内存消耗：2,479.32kb] [文件加载：63]
[ info ] [ BEHAVIOR ] Run Closure @app_init [ RunTime:0.000021s ]
[ info ] [ CACHE ] INIT File
[ info ] [ BEHAVIOR ] Run Closure @app_init [ RunTime:0.001033s ]
[ info ] [ LANG ] /var/www/html/fastadmin/thinkphp/lang/zh-cn.php
[ info ] [ ROUTE ] array (
  'type' => 'module',
  'module' => 
  array (
    0 => '',
    1 => NULL,
    2 => NULL,
  ),
)
[ info ] [ HEADER ] array (
  'connection' => 'keep-alive',
  'accept' => 'text/html, image/gif, image/jpeg, *; q=.2, */*; q=.2',
  'host' => '47.93.62.140',
  'user-agent' => 'Mozilla/5.0 (X11; Ubuntu; Linux x86_64; rv:36.0) Gecko/20100101 Firefox/36.0',
  'content-type' => '',
  'content-length' => '',
)
[ info ] [ PARAM ] array (
)
[ info ] [ LANG ] /var/www/html/fastadmin/public/../application/index/lang/zh-cn.php
[ info ] [ BEHAVIOR ] Run app\common\behavior\Common @module_init [ RunTime:0.001374s ]
[ info ] [ LANG ] /var/www/html/fastadmin/public/../application/index/lang/zh-cn/index.php
[ info ] [ RUN ] app\index\controller\Index->index[ /var/www/html/fastadmin/application/index/controller/Index.php ]
[ info ] [ VIEW ] /var/www/html/fastadmin/public/../application/index/view/index/index.html [ array (
  0 => 'user',
  1 => 'site',
  2 => 'config',
) ]
[ info ] [ LOG ] INIT File
---------------------------------------------------------------
[ 2018-09-24T15:10:13+08:00 ] 51.38.12.21 GET /
[ info ] 47.93.62.140/ [运行时间：0.023713s][吞吐率：42.17req/s] [内存消耗：2,478.51kb] [文件加载：63]
[ info ] [ BEHAVIOR ] Run Closure @app_init [ RunTime:0.000019s ]
[ info ] [ CACHE ] INIT File
[ info ] [ BEHAVIOR ] Run Closure @app_init [ RunTime:0.000981s ]
[ info ] [ LANG ] /var/www/html/fastadmin/thinkphp/lang/zh-cn.php
[ info ] [ ROUTE ] array (
  'type' => 'module',
  'module' => 
  array (
    0 => '',
    1 => NULL,
    2 => NULL,
  ),
)
[ info ] [ HEADER ] array (
  'host' => '47.93.62.140',
  'user-agent' => 'Mozilla/5.0 (Windows NT 6.1) AppleWebKit/537.36 (KHTML, like Gecko) Chrome/41.0.2228.0 Safari/537.36',
  'connection' => 'close',
  'content-type' => '',
  'content-length' => '',
)
[ info ] [ PARAM ] array (
)
[ info ] [ LANG ] /var/www/html/fastadmin/public/../application/index/lang/zh-cn.php
[ info ] [ BEHAVIOR ] Run app\common\behavior\Common @module_init [ RunTime:0.001293s ]
[ info ] [ LANG ] /var/www/html/fastadmin/public/../application/index/lang/zh-cn/index.php
[ info ] [ RUN ] app\index\controller\Index->index[ /var/www/html/fastadmin/application/index/controller/Index.php ]
[ info ] [ VIEW ] /var/www/html/fastadmin/public/../application/index/view/index/index.html [ array (
  0 => 'user',
  1 => 'site',
  2 => 'config',
) ]
[ info ] [ LOG ] INIT File
---------------------------------------------------------------
[ 2018-09-24T16:58:56+08:00 ] 143.202.188.28 GET /
[ info ] 47.93.62.140:80/ [运行时间：0.024404s][吞吐率：40.98req/s] [内存消耗：2,478.63kb] [文件加载：63]
[ info ] [ BEHAVIOR ] Run Closure @app_init [ RunTime:0.000022s ]
[ info ] [ CACHE ] INIT File
[ info ] [ BEHAVIOR ] Run Closure @app_init [ RunTime:0.000979s ]
[ info ] [ LANG ] /var/www/html/fastadmin/thinkphp/lang/zh-cn.php
[ info ] [ ROUTE ] array (
  'type' => 'module',
  'module' => 
  array (
    0 => '',
    1 => NULL,
    2 => NULL,
  ),
)
[ info ] [ HEADER ] array (
  'content-length' => '0',
  'user-agent' => 'Mozilla/5.0 (Macintosh; Intel Mac OS X 10_11_6) AppleWebKit/601.7.7 (KHTML, like Gecko) Version/9.1.2 Safari/601.7.7',
  'host' => '47.93.62.140:80',
  'content-type' => '',
)
[ info ] [ PARAM ] array (
)
[ info ] [ LANG ] /var/www/html/fastadmin/public/../application/index/lang/zh-cn.php
[ info ] [ BEHAVIOR ] Run app\common\behavior\Common @module_init [ RunTime:0.001320s ]
[ info ] [ LANG ] /var/www/html/fastadmin/public/../application/index/lang/zh-cn/index.php
[ info ] [ RUN ] app\index\controller\Index->index[ /var/www/html/fastadmin/application/index/controller/Index.php ]
[ info ] [ VIEW ] /var/www/html/fastadmin/public/../application/index/view/index/index.html [ array (
  0 => 'user',
  1 => 'site',
  2 => 'config',
) ]
[ info ] [ LOG ] INIT File
---------------------------------------------------------------
[ 2018-09-24T19:29:54+08:00 ] 180.175.138.8 GET /
[ info ] www.bmwche.cn/ [运行时间：0.023573s][吞吐率：42.42req/s] [内存消耗：2,478.23kb] [文件加载：63]
[ info ] [ BEHAVIOR ] Run Closure @app_init [ RunTime:0.000020s ]
[ info ] [ CACHE ] INIT File
[ info ] [ BEHAVIOR ] Run Closure @app_init [ RunTime:0.000968s ]
[ info ] [ LANG ] /var/www/html/fastadmin/thinkphp/lang/zh-cn.php
[ info ] [ ROUTE ] array (
  'type' => 'module',
  'module' => 
  array (
    0 => '',
    1 => NULL,
    2 => NULL,
  ),
)
[ info ] [ HEADER ] array (
  'connection' => 'close',
  'accept-encoding' => 'gzip, deflate',
  'host' => 'www.bmwche.cn',
  'content-type' => '',
  'content-length' => '',
)
[ info ] [ PARAM ] array (
)
[ info ] [ LANG ] /var/www/html/fastadmin/public/../application/index/lang/zh-cn.php
[ info ] [ BEHAVIOR ] Run app\common\behavior\Common @module_init [ RunTime:0.001281s ]
[ info ] [ LANG ] /var/www/html/fastadmin/public/../application/index/lang/zh-cn/index.php
[ info ] [ RUN ] app\index\controller\Index->index[ /var/www/html/fastadmin/application/index/controller/Index.php ]
[ info ] [ VIEW ] /var/www/html/fastadmin/public/../application/index/view/index/index.html [ array (
  0 => 'user',
  1 => 'site',
  2 => 'config',
) ]
[ info ] [ LOG ] INIT File
---------------------------------------------------------------
[ 2018-09-24T19:34:32+08:00 ] 88.247.8.59 GET /
[ info ] 47.93.62.140:80/ [运行时间：0.026281s][吞吐率：38.05req/s] [内存消耗：2,478.63kb] [文件加载：63]
[ info ] [ BEHAVIOR ] Run Closure @app_init [ RunTime:0.000020s ]
[ info ] [ CACHE ] INIT File
[ info ] [ BEHAVIOR ] Run Closure @app_init [ RunTime:0.001080s ]
[ info ] [ LANG ] /var/www/html/fastadmin/thinkphp/lang/zh-cn.php
[ info ] [ ROUTE ] array (
  'type' => 'module',
  'module' => 
  array (
    0 => '',
    1 => NULL,
    2 => NULL,
  ),
)
[ info ] [ HEADER ] array (
  'content-length' => '0',
  'user-agent' => 'Mozilla/5.0 (Windows NT 6.1; WOW64) AppleWebKit/537.36 (KHTML, like Gecko) Chrome/52.0.2743.116 Safari/537.36',
  'host' => '47.93.62.140:80',
  'content-type' => '',
)
[ info ] [ PARAM ] array (
)
[ info ] [ LANG ] /var/www/html/fastadmin/public/../application/index/lang/zh-cn.php
[ info ] [ BEHAVIOR ] Run app\common\behavior\Common @module_init [ RunTime:0.001415s ]
[ info ] [ LANG ] /var/www/html/fastadmin/public/../application/index/lang/zh-cn/index.php
[ info ] [ RUN ] app\index\controller\Index->index[ /var/www/html/fastadmin/application/index/controller/Index.php ]
[ info ] [ VIEW ] /var/www/html/fastadmin/public/../application/index/view/index/index.html [ array (
  0 => 'user',
  1 => 'site',
  2 => 'config',
) ]
[ info ] [ LOG ] INIT File
---------------------------------------------------------------
[ 2018-09-24T19:41:12+08:00 ] 80.82.70.187 GET /cache/global/img/gs.gif
[ info ] www.baidu.com/cache/global/img/gs.gif [运行时间：0.016189s][吞吐率：61.77req/s] [内存消耗：1,626.62kb] [文件加载：48]
[ info ] [ BEHAVIOR ] Run Closure @app_init [ RunTime:0.000022s ]
[ info ] [ CACHE ] INIT File
[ info ] [ BEHAVIOR ] Run Closure @app_init [ RunTime:0.001027s ]
[ info ] [ LANG ] /var/www/html/fastadmin/thinkphp/lang/zh-cn.php
[ info ] [ ROUTE ] array (
  'type' => 'module',
  'module' => 
  array (
    0 => '404',
    1 => NULL,
    2 => NULL,
  ),
)
[ info ] [ HEADER ] array (
  'if-modified-since' => 'Thu, 19 Apr 2012 09:51:20 GMT',
  'user-agent' => 'Mozilla',
  'host' => 'www.baidu.com',
  'content-type' => '',
  'content-length' => '',
)
[ info ] [ PARAM ] array (
)
[ info ] [ LOG ] INIT File
---------------------------------------------------------------
[ 2018-09-24T21:05:47+08:00 ] 118.187.4.71 GET /
[ info ] 47.93.62.140/ [运行时间：0.024521s][吞吐率：40.78req/s] [内存消耗：2,478.33kb] [文件加载：63]
[ info ] [ BEHAVIOR ] Run Closure @app_init [ RunTime:0.000022s ]
[ info ] [ CACHE ] INIT File
[ info ] [ BEHAVIOR ] Run Closure @app_init [ RunTime:0.000996s ]
[ info ] [ LANG ] /var/www/html/fastadmin/thinkphp/lang/zh-cn.php
[ info ] [ ROUTE ] array (
  'type' => 'module',
  'module' => 
  array (
    0 => '',
    1 => NULL,
    2 => NULL,
  ),
)
[ info ] [ HEADER ] array (
  'host' => '47.93.62.140',
  'user-agent' => 'Mozilla/5.0 (Windows NT 10.0; WOW64) AppleWebKit/537.36 (KHTML, like Gecko) Chrome/51.0.2704.103 Safari/537.36',
  'content-type' => '',
  'content-length' => '',
)
[ info ] [ PARAM ] array (
)
[ info ] [ LANG ] /var/www/html/fastadmin/public/../application/index/lang/zh-cn.php
[ info ] [ BEHAVIOR ] Run app\common\behavior\Common @module_init [ RunTime:0.001286s ]
[ info ] [ LANG ] /var/www/html/fastadmin/public/../application/index/lang/zh-cn/index.php
[ info ] [ RUN ] app\index\controller\Index->index[ /var/www/html/fastadmin/application/index/controller/Index.php ]
[ info ] [ VIEW ] /var/www/html/fastadmin/public/../application/index/view/index/index.html [ array (
  0 => 'user',
  1 => 'site',
  2 => 'config',
) ]
[ info ] [ LOG ] INIT File
---------------------------------------------------------------
[ 2018-09-24T22:56:00+08:00 ] 191.8.45.88 GET /
[ info ] 47.93.62.140:80/ [运行时间：0.025800s][吞吐率：38.76req/s] [内存消耗：2,478.63kb] [文件加载：63]
[ info ] [ BEHAVIOR ] Run Closure @app_init [ RunTime:0.000020s ]
[ info ] [ CACHE ] INIT File
[ info ] [ BEHAVIOR ] Run Closure @app_init [ RunTime:0.001109s ]
[ info ] [ LANG ] /var/www/html/fastadmin/thinkphp/lang/zh-cn.php
[ info ] [ ROUTE ] array (
  'type' => 'module',
  'module' => 
  array (
    0 => '',
    1 => NULL,
    2 => NULL,
  ),
)
[ info ] [ HEADER ] array (
  'content-length' => '0',
  'user-agent' => 'Mozilla/5.0 (Macintosh; Intel Mac OS X 10_11_6) AppleWebKit/601.7.7 (KHTML, like Gecko) Version/9.1.2 Safari/601.7.7',
  'host' => '47.93.62.140:80',
  'content-type' => '',
)
[ info ] [ PARAM ] array (
)
[ info ] [ LANG ] /var/www/html/fastadmin/public/../application/index/lang/zh-cn.php
[ info ] [ BEHAVIOR ] Run app\common\behavior\Common @module_init [ RunTime:0.001296s ]
[ info ] [ LANG ] /var/www/html/fastadmin/public/../application/index/lang/zh-cn/index.php
[ info ] [ RUN ] app\index\controller\Index->index[ /var/www/html/fastadmin/application/index/controller/Index.php ]
[ info ] [ VIEW ] /var/www/html/fastadmin/public/../application/index/view/index/index.html [ array (
  0 => 'user',
  1 => 'site',
  2 => 'config',
) ]
[ info ] [ LOG ] INIT File
---------------------------------------------------------------
[ 2018-09-24T22:58:43+08:00 ] 121.42.144.51 GET /webdav/
[ info ] 47.93.62.140:80/webdav/ [运行时间：0.016620s][吞吐率：60.17req/s] [内存消耗：1,626.25kb] [文件加载：48]
[ info ] [ BEHAVIOR ] Run Closure @app_init [ RunTime:0.000021s ]
[ info ] [ CACHE ] INIT File
[ info ] [ BEHAVIOR ] Run Closure @app_init [ RunTime:0.001038s ]
[ info ] [ LANG ] /var/www/html/fastadmin/thinkphp/lang/zh-cn.php
[ info ] [ ROUTE ] array (
  'type' => 'module',
  'module' => 
  array (
    0 => 'webdav',
    1 => NULL,
    2 => NULL,
  ),
)
[ info ] [ HEADER ] array (
  'connection' => 'Close',
  'host' => '47.93.62.140:80',
  'content-type' => '',
  'content-length' => '',
)
[ info ] [ PARAM ] array (
)
[ info ] [ LOG ] INIT File
---------------------------------------------------------------
[ 2018-09-24T23:00:21+08:00 ] 177.46.86.65 GET /
[ info ] 47.93.62.140:80/ [运行时间：0.024427s][吞吐率：40.94req/s] [内存消耗：2,478.63kb] [文件加载：63]
[ info ] [ BEHAVIOR ] Run Closure @app_init [ RunTime:0.000020s ]
[ info ] [ CACHE ] INIT File
[ info ] [ BEHAVIOR ] Run Closure @app_init [ RunTime:0.001025s ]
[ info ] [ LANG ] /var/www/html/fastadmin/thinkphp/lang/zh-cn.php
[ info ] [ ROUTE ] array (
  'type' => 'module',
  'module' => 
  array (
    0 => '',
    1 => NULL,
    2 => NULL,
  ),
)
[ info ] [ HEADER ] array (
  'content-length' => '0',
  'user-agent' => 'Mozilla/5.0 (Macintosh; Intel Mac OS X 10_11_6) AppleWebKit/601.7.7 (KHTML, like Gecko) Version/9.1.2 Safari/601.7.7',
  'host' => '47.93.62.140:80',
  'content-type' => '',
)
[ info ] [ PARAM ] array (
)
[ info ] [ LANG ] /var/www/html/fastadmin/public/../application/index/lang/zh-cn.php
[ info ] [ BEHAVIOR ] Run app\common\behavior\Common @module_init [ RunTime:0.001273s ]
[ info ] [ LANG ] /var/www/html/fastadmin/public/../application/index/lang/zh-cn/index.php
[ info ] [ RUN ] app\index\controller\Index->index[ /var/www/html/fastadmin/application/index/controller/Index.php ]
[ info ] [ VIEW ] /var/www/html/fastadmin/public/../application/index/view/index/index.html [ array (
  0 => 'user',
  1 => 'site',
  2 => 'config',
) ]
[ info ] [ LOG ] INIT File
---------------------------------------------------------------
[ 2018-09-24T23:54:29+08:00 ] 60.191.38.77 GET /
[ info ] 47.93.62.140:80/ [运行时间：0.025395s][吞吐率：39.38req/s] [内存消耗：2,478.67kb] [文件加载：63]
[ info ] [ BEHAVIOR ] Run Closure @app_init [ RunTime:0.000022s ]
[ info ] [ CACHE ] INIT File
[ info ] [ BEHAVIOR ] Run Closure @app_init [ RunTime:0.001039s ]
[ info ] [ LANG ] /var/www/html/fastadmin/thinkphp/lang/zh-cn.php
[ info ] [ ROUTE ] array (
  'type' => 'module',
  'module' => 
  array (
    0 => '',
    1 => NULL,
    2 => NULL,
  ),
)
[ info ] [ HEADER ] array (
  'connection' => 'keep-alive',
  'accept' => '*/*',
  'user-agent' => 'Mozilla/5.0 (Macintosh; Intel Mac OS X 10.11; rv:47.0) Gecko/20100101 Firefox/47.0',
  'host' => '47.93.62.140:80',
  'content-type' => '',
  'content-length' => '',
)
[ info ] [ PARAM ] array (
)
[ info ] [ LANG ] /var/www/html/fastadmin/public/../application/index/lang/zh-cn.php
[ info ] [ BEHAVIOR ] Run app\common\behavior\Common @module_init [ RunTime:0.001344s ]
[ info ] [ LANG ] /var/www/html/fastadmin/public/../application/index/lang/zh-cn/index.php
[ info ] [ RUN ] app\index\controller\Index->index[ /var/www/html/fastadmin/application/index/controller/Index.php ]
[ info ] [ VIEW ] /var/www/html/fastadmin/public/../application/index/view/index/index.html [ array (
  0 => 'user',
  1 => 'site',
  2 => 'config',
) ]
[ info ] [ LOG ] INIT File
